#
# There is insufficient memory for the Java Runtime Environment to continue.
# Native memory allocation (malloc) failed to allocate 2042320 bytes. Error detail: Chunk::new
# Possible reasons:
#   The system is out of physical RAM or swap space
#   This process is running with CompressedOops enabled, and the Java Heap may be blocking the growth of the native heap
# Possible solutions:
#   Reduce memory load on the system
#   Increase physical memory or swap space
#   Check if swap backing store is full
#   Decrease Java heap size (-Xmx/-Xms)
#   Decrease number of Java threads
#   Decrease Java thread stack sizes (-Xss)
#   Set larger code cache with -XX:ReservedCodeCacheSize=
#   JVM is running with Unscaled Compressed Oops mode in which the Java heap is
#     placed in the first 4GB address space. The Java Heap base address is the
#     maximum limit for the native heap growth. Please use -XX:HeapBaseMinAddress
#     to set the Java Heap base and to place the Java Heap above 4GB virtual address.
# This output file may be truncated or incomplete.
#
#  Out of Memory Error (arena.cpp:191), pid=72372, tid=49012
#
# JRE version: OpenJDK Runtime Environment Temurin-17.0.13+11 (17.0.13+11) (build 17.0.13+11)
# Java VM: OpenJDK 64-Bit Server VM Temurin-17.0.13+11 (17.0.13+11, mixed mode, tiered, compressed oops, compressed class ptrs, parallel gc, windows-amd64)
# No core dump will be written. Minidumps are not enabled by default on client versions of Windows
#

---------------  S U M M A R Y ------------

Command Line: --add-modules=ALL-SYSTEM --add-opens=java.base/java.util=ALL-UNNAMED --add-opens=java.base/java.lang=ALL-UNNAMED --add-opens=java.base/sun.nio.fs=ALL-UNNAMED -Declipse.application=org.eclipse.jdt.ls.core.id1 -Dosgi.bundles.defaultStartLevel=4 -Declipse.product=org.eclipse.jdt.ls.core.product -Djava.import.generatesMetadataFilesAtProjectRoot=false -DDetectVMInstallationsJob.disabled=true -Dfile.encoding=utf8 -XX:+UseParallelGC -XX:GCTimeRatio=4 -XX:AdaptiveSizePolicyWeight=90 -Dsun.zip.disableMemoryMapping=true -Xmx1G -Xms100m -Xlog:disable -javaagent:c:\Users\VAISHNAVI.M\.vscode\extensions\redhat.java-1.36.0-win32-x64\lombok\lombok-1.18.35.jar -XX:+HeapDumpOnOutOfMemoryError -XX:HeapDumpPath=c:\Users\VAISHNAVI.M\AppData\Roaming\Code\User\workspaceStorage\d342843e1f9b2e5887c2bebb3dbdd1ed\redhat.java -Daether.dependencyCollector.impl=bf c:\Users\VAISHNAVI.M\.vscode\extensions\redhat.java-1.36.0-win32-x64\server\plugins\org.eclipse.equinox.launcher_1.6.900.v20240613-2009.jar -configuration c:\Users\VAISHNAVI.M\AppData\Roaming\Code\User\globalStorage\redhat.java\1.36.0\config_win -data c:\Users\VAISHNAVI.M\AppData\Roaming\Code\User\workspaceStorage\d342843e1f9b2e5887c2bebb3dbdd1ed\redhat.java\jdt_ws --pipe=\\.\pipe\lsp-40af7ab0e6e5c4f5d38bc3f2b4b0e507-sock

Host: 13th Gen Intel(R) Core(TM) i5-1335U, 12 cores, 7G,  Windows 11 , 64 bit Build 22621 (10.0.22621.3958)
Time: Sun Nov 17 23:50:39 2024 India Standard Time elapsed time: 8.863837 seconds (0d 0h 0m 8s)

---------------  T H R E A D  ---------------

Current thread (0x00000242a0938590):  JavaThread "C2 CompilerThread0" daemon [_thread_in_native, id=49012, stack(0x000000a07a800000,0x000000a07a900000)]


Current CompileTask:
C2:   8863 8447 %     4       org.eclipse.jdt.internal.core.search.indexing.BinaryIndexer::extractReferenceFromConstantPool @ 155 (358 bytes)

Stack: [0x000000a07a800000,0x000000a07a900000]
Native frames: (J=compiled Java code, j=interpreted, Vv=VM code, C=native code)
V  [jvm.dll+0x682a19]
V  [jvm.dll+0x839538]
V  [jvm.dll+0x83afe3]
V  [jvm.dll+0x83b653]
V  [jvm.dll+0x24704f]
V  [jvm.dll+0xace34]
V  [jvm.dll+0xad4cc]
V  [jvm.dll+0x36597e]
V  [jvm.dll+0x32fbd8]
V  [jvm.dll+0x32f05a]
V  [jvm.dll+0x21804f]
V  [jvm.dll+0x21748f]
V  [jvm.dll+0x1a3070]
V  [jvm.dll+0x22788c]
V  [jvm.dll+0x2259eb]
V  [jvm.dll+0x7eec98]
V  [jvm.dll+0x7e8ffc]
V  [jvm.dll+0x6818f7]
C  [ucrtbase.dll+0x29333]
C  [KERNEL32.DLL+0x1257d]
C  [ntdll.dll+0x5af08]


---------------  P R O C E S S  ---------------

Threads class SMR info:
_java_thread_list=0x00000242a45cabb0, length=67, elements={
0x000002428775da50, 0x00000242a0905010, 0x00000242a0907160, 0x00000242a0932320,
0x00000242a09330b0, 0x00000242a0933e40, 0x00000242a0937990, 0x00000242a0938590,
0x00000242a0971ac0, 0x00000242a09b6f00, 0x00000242a0a84030, 0x00000242a0c87460,
0x00000242a2369640, 0x00000242a247e460, 0x00000242a2644760, 0x00000242a263d500,
0x00000242a2cdca10, 0x00000242a2e4c940, 0x00000242a2e4bf20, 0x00000242a2e4f1c0,
0x00000242a2e4e7a0, 0x00000242a2e4d360, 0x00000242a2e4ecb0, 0x00000242a2e4c430,
0x00000242a2e4ba10, 0x00000242a2e4d870, 0x00000242a2e4dd80, 0x00000242a3b55300,
0x00000242a3b56740, 0x00000242a3b52570, 0x00000242a3b56c50, 0x00000242a3b57b80,
0x00000242a3b54df0, 0x00000242a3b55810, 0x00000242a3b55d20, 0x00000242a3b57670,
0x00000242a3b52a80, 0x00000242a3b57160, 0x00000242a3b58090, 0x00000242a3b56230,
0x00000242a3b585a0, 0x00000242a3b58ab0, 0x00000242a3b52060, 0x00000242a3b58fc0,
0x00000242a3b594d0, 0x00000242a3b599e0, 0x00000242a3b52f90, 0x00000242a3b534a0,
0x00000242a3b539b0, 0x00000242a3b53ec0, 0x00000242a3b543d0, 0x00000242a2e4e290,
0x00000242a3d211f0, 0x00000242a3d202c0, 0x00000242a3d20ce0, 0x00000242a3d21700,
0x00000242a3d24eb0, 0x00000242a3d21c10, 0x00000242a3d262f0, 0x00000242a3d26800,
0x00000242a3d249a0, 0x00000242a3d207d0, 0x00000242a3d23050, 0x00000242a3d1f8a0,
0x00000242a3d25de0, 0x00000242a3d26d10, 0x00000242a3d27220
}

Java Threads: ( => current thread )
  0x000002428775da50 JavaThread "main" [_thread_blocked, id=102604, stack(0x000000a079f00000,0x000000a07a000000)]
  0x00000242a0905010 JavaThread "Reference Handler" daemon [_thread_blocked, id=114968, stack(0x000000a07a200000,0x000000a07a300000)]
  0x00000242a0907160 JavaThread "Finalizer" daemon [_thread_blocked, id=65872, stack(0x000000a07a300000,0x000000a07a400000)]
  0x00000242a0932320 JavaThread "Signal Dispatcher" daemon [_thread_blocked, id=113832, stack(0x000000a07a400000,0x000000a07a500000)]
  0x00000242a09330b0 JavaThread "Attach Listener" daemon [_thread_blocked, id=64352, stack(0x000000a07a500000,0x000000a07a600000)]
  0x00000242a0933e40 JavaThread "Service Thread" daemon [_thread_blocked, id=110176, stack(0x000000a07a600000,0x000000a07a700000)]
  0x00000242a0937990 JavaThread "Monitor Deflation Thread" daemon [_thread_blocked, id=100588, stack(0x000000a07a700000,0x000000a07a800000)]
=>0x00000242a0938590 JavaThread "C2 CompilerThread0" daemon [_thread_in_native, id=49012, stack(0x000000a07a800000,0x000000a07a900000)]
  0x00000242a0971ac0 JavaThread "C1 CompilerThread0" daemon [_thread_blocked, id=86596, stack(0x000000a07a900000,0x000000a07aa00000)]
  0x00000242a09b6f00 JavaThread "Sweeper thread" daemon [_thread_blocked, id=94472, stack(0x000000a07aa00000,0x000000a07ab00000)]
  0x00000242a0a84030 JavaThread "Common-Cleaner" daemon [_thread_blocked, id=65796, stack(0x000000a07ab00000,0x000000a07ac00000)]
  0x00000242a0c87460 JavaThread "Notification Thread" daemon [_thread_blocked, id=113356, stack(0x000000a07ad00000,0x000000a07ae00000)]
  0x00000242a2369640 JavaThread "Active Thread: Equinox Container: 7a9d9729-43c5-4496-b18d-13f721ecd18b" [_thread_blocked, id=114480, stack(0x000000a07b500000,0x000000a07b600000)]
  0x00000242a247e460 JavaThread "Refresh Thread: Equinox Container: 7a9d9729-43c5-4496-b18d-13f721ecd18b" daemon [_thread_blocked, id=114028, stack(0x000000a07b600000,0x000000a07b700000)]
  0x00000242a2644760 JavaThread "Framework Event Dispatcher: Equinox Container: 7a9d9729-43c5-4496-b18d-13f721ecd18b" daemon [_thread_blocked, id=113712, stack(0x000000a07b700000,0x000000a07b800000)]
  0x00000242a263d500 JavaThread "Start Level: Equinox Container: 7a9d9729-43c5-4496-b18d-13f721ecd18b" daemon [_thread_blocked, id=100284, stack(0x000000a07b800000,0x000000a07b900000)]
  0x00000242a2cdca10 JavaThread "Bundle File Closer" daemon [_thread_blocked, id=107392, stack(0x000000a07ba00000,0x000000a07bb00000)]
  0x00000242a2e4c940 JavaThread "SCR Component Actor" daemon [_thread_blocked, id=104340, stack(0x000000a07bc00000,0x000000a07bd00000)]
  0x00000242a2e4bf20 JavaThread "Worker-JM" [_thread_blocked, id=115776, stack(0x000000a07bf00000,0x000000a07c000000)]
  0x00000242a2e4f1c0 JavaThread "JNA Cleaner" daemon [_thread_blocked, id=80600, stack(0x000000a07c000000,0x000000a07c100000)]
  0x00000242a2e4e7a0 JavaThread "Worker-0" [_thread_blocked, id=84920, stack(0x000000a07c100000,0x000000a07c200000)]
  0x00000242a2e4d360 JavaThread "Worker-1: Loading available Gradle versions" [_thread_in_native, id=111736, stack(0x000000a07c200000,0x000000a07c300000)]
  0x00000242a2e4ecb0 JavaThread "Java indexing" daemon [_thread_in_Java, id=116512, stack(0x000000a07c300000,0x000000a07c400000)]
  0x00000242a2e4c430 JavaThread "Worker-2: Initialize workspace" [_thread_in_Java, id=109588, stack(0x000000a07c400000,0x000000a07c500000)]
  0x00000242a2e4ba10 JavaThread "Thread-2" daemon [_thread_in_native, id=48708, stack(0x000000a07c500000,0x000000a07c600000)]
  0x00000242a2e4d870 JavaThread "Thread-3" daemon [_thread_in_native, id=116276, stack(0x000000a07c600000,0x000000a07c700000)]
  0x00000242a2e4dd80 JavaThread "Thread-4" daemon [_thread_in_native, id=115940, stack(0x000000a07c700000,0x000000a07c800000)]
  0x00000242a3b55300 JavaThread "Thread-5" daemon [_thread_in_native, id=113312, stack(0x000000a07c800000,0x000000a07c900000)]
  0x00000242a3b56740 JavaThread "Thread-6" daemon [_thread_in_native, id=116120, stack(0x000000a07c900000,0x000000a07ca00000)]
  0x00000242a3b52570 JavaThread "Thread-7" daemon [_thread_in_native, id=117640, stack(0x000000a07ca00000,0x000000a07cb00000)]
  0x00000242a3b56c50 JavaThread "Thread-8" daemon [_thread_in_native, id=104344, stack(0x000000a07cb00000,0x000000a07cc00000)]
  0x00000242a3b57b80 JavaThread "Thread-9" daemon [_thread_in_native, id=117040, stack(0x000000a07cc00000,0x000000a07cd00000)]
  0x00000242a3b54df0 JavaThread "Thread-10" daemon [_thread_in_native, id=116316, stack(0x000000a07cd00000,0x000000a07ce00000)]
  0x00000242a3b55810 JavaThread "Thread-11" daemon [_thread_in_native, id=67508, stack(0x000000a07ce00000,0x000000a07cf00000)]
  0x00000242a3b55d20 JavaThread "Thread-12" daemon [_thread_in_native, id=117284, stack(0x000000a07cf00000,0x000000a07d000000)]
  0x00000242a3b57670 JavaThread "Worker-3" [_thread_blocked, id=117336, stack(0x000000a07d000000,0x000000a07d100000)]
  0x00000242a3b52a80 JavaThread "Thread-13" daemon [_thread_in_native, id=84820, stack(0x000000a07d100000,0x000000a07d200000)]
  0x00000242a3b57160 JavaThread "Thread-14" daemon [_thread_in_native, id=68444, stack(0x000000a07d200000,0x000000a07d300000)]
  0x00000242a3b58090 JavaThread "Worker-4: Java indexing... " [_thread_blocked, id=116436, stack(0x000000a07d300000,0x000000a07d400000)]
  0x00000242a3b56230 JavaThread "pool-2-thread-1" [_thread_blocked, id=117020, stack(0x000000a07d400000,0x000000a07d500000)]
  0x00000242a3b585a0 JavaThread "WorkspaceEventsHandler" [_thread_blocked, id=101636, stack(0x000000a07d500000,0x000000a07d600000)]
  0x00000242a3b58ab0 JavaThread "pool-1-thread-1" [_thread_blocked, id=116740, stack(0x000000a07d600000,0x000000a07d700000)]
  0x00000242a3b52060 JavaThread "Worker-5: Check JDK Index" [_thread_blocked, id=117268, stack(0x000000a07d700000,0x000000a07d800000)]
  0x00000242a3b58fc0 JavaThread "Compiler Source File Reader" daemon [_thread_blocked, id=96620, stack(0x000000a07d800000,0x000000a07d900000)]
  0x00000242a3b594d0 JavaThread "Compiler Source File Reader" daemon [_thread_blocked, id=97628, stack(0x000000a07d900000,0x000000a07da00000)]
  0x00000242a3b599e0 JavaThread "Compiler Source File Reader" daemon [_thread_blocked, id=82472, stack(0x000000a07da00000,0x000000a07db00000)]
  0x00000242a3b52f90 JavaThread "Compiler Source File Reader" daemon [_thread_blocked, id=116064, stack(0x000000a07db00000,0x000000a07dc00000)]
  0x00000242a3b534a0 JavaThread "Compiler Source File Reader" daemon [_thread_blocked, id=116824, stack(0x000000a07dc00000,0x000000a07dd00000)]
  0x00000242a3b539b0 JavaThread "Compiler Source File Reader" daemon [_thread_blocked, id=114900, stack(0x000000a07dd00000,0x000000a07de00000)]
  0x00000242a3b53ec0 JavaThread "Compiler Source File Reader" daemon [_thread_blocked, id=97816, stack(0x000000a07de00000,0x000000a07df00000)]
  0x00000242a3b543d0 JavaThread "Compiler Source File Reader" daemon [_thread_blocked, id=109912, stack(0x000000a07df00000,0x000000a07e000000)]
  0x00000242a2e4e290 JavaThread "Compiler Source File Reader" daemon [_thread_blocked, id=36612, stack(0x000000a07e000000,0x000000a07e100000)]
  0x00000242a3d211f0 JavaThread "Compiler Source File Reader" daemon [_thread_blocked, id=116104, stack(0x000000a07e100000,0x000000a07e200000)]
  0x00000242a3d202c0 JavaThread "Compiler Processing Task" daemon [_thread_blocked, id=111372, stack(0x000000a07e200000,0x000000a07e300000)]
  0x00000242a3d20ce0 JavaThread "Compiler Class File Writer" daemon [_thread_blocked, id=117156, stack(0x000000a07e300000,0x000000a07e400000)]
  0x00000242a3d21700 JavaThread "ForkJoinPool.commonPool-worker-1" daemon [_thread_blocked, id=117568, stack(0x000000a07e500000,0x000000a07e600000)]
  0x00000242a3d24eb0 JavaThread "ForkJoinPool.commonPool-worker-2" daemon [_thread_blocked, id=92372, stack(0x000000a07bd00000,0x000000a07be00000)]
  0x00000242a3d21c10 JavaThread "ForkJoinPool.commonPool-worker-3" daemon [_thread_blocked, id=103456, stack(0x000000a07e600000,0x000000a07e700000)]
  0x00000242a3d262f0 JavaThread "ForkJoinPool.commonPool-worker-4" daemon [_thread_blocked, id=91032, stack(0x000000a07e700000,0x000000a07e800000)]
  0x00000242a3d26800 JavaThread "ForkJoinPool.commonPool-worker-5" daemon [_thread_blocked, id=51280, stack(0x000000a07e800000,0x000000a07e900000)]
  0x00000242a3d249a0 JavaThread "ForkJoinPool.commonPool-worker-6" daemon [_thread_blocked, id=93244, stack(0x000000a07e900000,0x000000a07ea00000)]
  0x00000242a3d207d0 JavaThread "ForkJoinPool.commonPool-worker-7" daemon [_thread_blocked, id=68432, stack(0x000000a07ea00000,0x000000a07eb00000)]
  0x00000242a3d23050 JavaThread "ForkJoinPool.commonPool-worker-8" daemon [_thread_blocked, id=90664, stack(0x000000a07eb00000,0x000000a07ec00000)]
  0x00000242a3d1f8a0 JavaThread "ForkJoinPool.commonPool-worker-9" daemon [_thread_in_Java, id=116768, stack(0x000000a07ec00000,0x000000a07ed00000)]
  0x00000242a3d25de0 JavaThread "Thread-15" daemon [_thread_in_Java, id=116644, stack(0x000000a07ed00000,0x000000a07ee00000)]
  0x00000242a3d26d10 JavaThread "ForkJoinPool.commonPool-worker-10" daemon [_thread_blocked, id=116516, stack(0x000000a07ee00000,0x000000a07ef00000)]
  0x00000242a3d27220 JavaThread "Keep-Alive-Timer" daemon [_thread_blocked, id=89896, stack(0x000000a07ef00000,0x000000a07f000000)]

Other Threads:
  0x000002428780ed00 VMThread "VM Thread" [stack: 0x000000a07a100000,0x000000a07a200000] [id=57788]
  0x00000242a0c7d4a0 WatcherThread [stack: 0x000000a07ae00000,0x000000a07af00000] [id=117244]
  0x00000242877731b0 GCTaskThread "GC Thread#0" [stack: 0x000000a07a000000,0x000000a07a100000] [id=110776]
  0x00000242a22b2f10 GCTaskThread "GC Thread#1" [stack: 0x000000a07af00000,0x000000a07b000000] [id=117276]
  0x00000242a221ec90 GCTaskThread "GC Thread#2" [stack: 0x000000a07b000000,0x000000a07b100000] [id=115204]
  0x00000242a20a1070 GCTaskThread "GC Thread#3" [stack: 0x000000a07b100000,0x000000a07b200000] [id=74248]
  0x00000242a20a1330 GCTaskThread "GC Thread#4" [stack: 0x000000a07b200000,0x000000a07b300000] [id=110172]
  0x00000242a20a15f0 GCTaskThread "GC Thread#5" [stack: 0x000000a07b300000,0x000000a07b400000] [id=111536]
  0x00000242a20a18b0 GCTaskThread "GC Thread#6" [stack: 0x000000a07b400000,0x000000a07b500000] [id=112856]
  0x00000242a213d1a0 GCTaskThread "GC Thread#7" [stack: 0x000000a07b900000,0x000000a07ba00000] [id=112492]
  0x00000242a2d1e9b0 GCTaskThread "GC Thread#8" [stack: 0x000000a07bb00000,0x000000a07bc00000] [id=720]
  0x00000242a2cf7360 GCTaskThread "GC Thread#9" [stack: 0x000000a07be00000,0x000000a07bf00000] [id=47944]

Threads with active compile tasks:
C2 CompilerThread0     8897 8447 %     4       org.eclipse.jdt.internal.core.search.indexing.BinaryIndexer::extractReferenceFromConstantPool @ 155 (358 bytes)

VM state: not at safepoint (normal execution)

VM Mutex/Monitor currently owned by a thread: None

Heap address: 0x00000000c0000000, size: 1024 MB, Compressed Oops mode: 32-bit

CDS archive(s) not mapped
Compressed class space mapped at: 0x0000000100000000-0x0000000140000000, reserved size: 1073741824
Narrow klass base: 0x0000000000000000, Narrow klass shift: 3, Narrow klass range: 0x140000000

GC Precious Log:
 CPUs: 12 total, 12 available
 Memory: 7835M
 Large Page Support: Disabled
 NUMA Support: Disabled
 Compressed Oops: Enabled (32-bit)
 Alignments: Space 512K, Generation 512K, Heap 2M
 Heap Min Capacity: 100M
 Heap Initial Capacity: 100M
 Heap Max Capacity: 1G
 Pre-touch: Disabled
 Parallel Workers: 10

Heap:
 PSYoungGen      total 11264K, used 4989K [0x00000000eab00000, 0x00000000eb800000, 0x0000000100000000)
  eden space 10240K, 38% used [0x00000000eab00000,0x00000000eaee5940,0x00000000eb500000)
  from space 1024K, 97% used [0x00000000eb600000,0x00000000eb6f9e88,0x00000000eb700000)
  to   space 1024K, 0% used [0x00000000eb500000,0x00000000eb500000,0x00000000eb600000)
 ParOldGen       total 175104K, used 172877K [0x00000000c0000000, 0x00000000cab00000, 0x00000000eab00000)
  object space 175104K, 98% used [0x00000000c0000000,0x00000000ca8d3560,0x00000000cab00000)
 Metaspace       used 71577K, committed 72896K, reserved 1114112K
  class space    used 7684K, committed 8256K, reserved 1048576K

Card table byte_map: [0x0000024287120000,0x0000024287330000] _byte_map_base: 0x0000024286b20000

Marking Bits: (ParMarkBitMap*) 0x00007fff824d6940
 Begin Bits: [0x00000242993f0000, 0x000002429a3f0000)
 End Bits:   [0x000002429a3f0000, 0x000002429b3f0000)

Polling page: 0x0000024286f10000

Metaspace:

Usage:
  Non-class:     62.40 MB used.
      Class:      7.50 MB used.
       Both:     69.90 MB used.

Virtual space:
  Non-class space:       64.00 MB reserved,      63.12 MB ( 99%) committed,  1 nodes.
      Class space:        1.00 GB reserved,       8.06 MB ( <1%) committed,  1 nodes.
             Both:        1.06 GB reserved,      71.19 MB (  7%) committed. 

Chunk freelists:
   Non-Class:  430.00 KB
       Class:  7.85 MB
        Both:  8.27 MB

MaxMetaspaceSize: unlimited
CompressedClassSpaceSize: 1.00 GB
Initial GC threshold: 21.00 MB
Current GC threshold: 118.06 MB
CDS: off
MetaspaceReclaimPolicy: balanced
 - commit_granule_bytes: 65536.
 - commit_granule_words: 8192.
 - virtual_space_node_default_size: 8388608.
 - enlarge_chunks_in_place: 1.
 - new_chunks_are_fully_committed: 0.
 - uncommit_free_chunks: 1.
 - use_allocation_guard: 0.
 - handle_deallocations: 1.


Internal statistics:

num_allocs_failed_limit: 6.
num_arena_births: 712.
num_arena_deaths: 22.
num_vsnodes_births: 2.
num_vsnodes_deaths: 0.
num_space_committed: 1139.
num_space_uncommitted: 0.
num_chunks_returned_to_freelist: 31.
num_chunks_taken_from_freelist: 3595.
num_chunk_merges: 11.
num_chunk_splits: 2152.
num_chunks_enlarged: 1155.
num_inconsistent_stats: 0.

CodeHeap 'non-profiled nmethods': size=120000Kb used=2614Kb max_used=2614Kb free=117385Kb
 bounds [0x0000024291ec0000, 0x0000024292150000, 0x00000242993f0000]
CodeHeap 'profiled nmethods': size=120000Kb used=16794Kb max_used=16794Kb free=103206Kb
 bounds [0x000002428a3f0000, 0x000002428b460000, 0x0000024291920000]
CodeHeap 'non-nmethods': size=5760Kb used=1400Kb max_used=1457Kb free=4359Kb
 bounds [0x0000024291920000, 0x0000024291b90000, 0x0000024291ec0000]
 total_blobs=8547 nmethods=7794 adapters=666
 compilation: enabled
              stopped_count=0, restarted_count=0
 full_count=0

Compilation events (20 events):
Event: 8.847 Thread 0x00000242a0971ac0 nmethod 8747 0x0000024291f11210 code [0x0000024291f113a0, 0x0000024291f11478]
Event: 8.847 Thread 0x00000242a0971ac0 8749       1       org.eclipse.core.resources.FileInfoMatcherDescription::getId (5 bytes)
Event: 8.847 Thread 0x00000242a0971ac0 nmethod 8749 0x0000024291f10f10 code [0x0000024291f110a0, 0x0000024291f11178]
Event: 8.847 Thread 0x00000242a0971ac0 8744       1       org.eclipse.osgi.framework.log.FrameworkLogEntry::getContext (5 bytes)
Event: 8.847 Thread 0x00000242a0971ac0 nmethod 8744 0x0000024291f10c10 code [0x0000024291f10da0, 0x0000024291f10e78]
Event: 8.847 Thread 0x00000242a0971ac0 8753       1       org.eclipse.jdt.internal.core.CompilationUnit::getElementType (2 bytes)
Event: 8.847 Thread 0x00000242a0971ac0 nmethod 8753 0x0000024291f10910 code [0x0000024291f10aa0, 0x0000024291f10b78]
Event: 8.848 Thread 0x00000242a0971ac0 8762   !   2       java.security.SecureRandom::nextBytes (41 bytes)
Event: 8.848 Thread 0x00000242a0971ac0 nmethod 8762 0x000002428b41d190 code [0x000002428b41d340, 0x000002428b41d5b8]
Event: 8.848 Thread 0x00000242a0971ac0 8765   !   2       org.eclipse.jdt.internal.compiler.parser.Scanner::jumpOverMethodBody (2553 bytes)
Event: 8.854 Thread 0x00000242a0971ac0 nmethod 8765 0x000002428b41d790 code [0x000002428b41de20, 0x000002428b4214c8]
Event: 8.854 Thread 0x00000242a0971ac0 8783       3       java.util.HashMap::getNode (150 bytes)
Event: 8.855 Thread 0x00000242a0971ac0 nmethod 8783 0x000002428b424d90 code [0x000002428b424fc0, 0x000002428b425b18]
Event: 8.855 Thread 0x00000242a0971ac0 8776       3       java.util.HashMap::get (19 bytes)
Event: 8.856 Thread 0x00000242a0971ac0 nmethod 8776 0x000002428b425e10 code [0x000002428b425fc0, 0x000002428b426188]
Event: 8.856 Thread 0x00000242a0971ac0 8777 %     3       java.util.IdentityHashMap::resize @ 104 (153 bytes)
Event: 8.857 Thread 0x00000242a0971ac0 nmethod 8777% 0x000002428b426290 code [0x000002428b4264e0, 0x000002428b427258]
Event: 8.857 Thread 0x00000242a0971ac0 8773 %     3       com.google.gson.stream.JsonReader::nextQuotedValue @ 23 (294 bytes)
Event: 8.859 Thread 0x00000242a0971ac0 nmethod 8773% 0x000002428b427690 code [0x000002428b4279a0, 0x000002428b428a28]
Event: 8.859 Thread 0x00000242a0971ac0 8770 %     3       java.net.URI::needsNormalization @ 123 (184 bytes)

GC Heap History (20 events):
Event: 8.518 GC heap before
{Heap before GC invocations=71 (full 5):
 PSYoungGen      total 10240K, used 10082K [0x00000000eab00000, 0x00000000eb700000, 0x0000000100000000)
  eden space 8192K, 100% used [0x00000000eab00000,0x00000000eb300000,0x00000000eb300000)
  from space 2048K, 92% used [0x00000000eb500000,0x00000000eb6d88c8,0x00000000eb700000)
  to   space 2048K, 0% used [0x00000000eb300000,0x00000000eb300000,0x00000000eb500000)
 ParOldGen       total 143872K, used 118045K [0x00000000c0000000, 0x00000000c8c80000, 0x00000000eab00000)
  object space 143872K, 82% used [0x00000000c0000000,0x00000000c7347458,0x00000000c8c80000)
 Metaspace       used 69946K, committed 71232K, reserved 1114112K
  class space    used 7504K, committed 8064K, reserved 1048576K
}
Event: 8.520 GC heap after
{Heap after GC invocations=71 (full 5):
 PSYoungGen      total 10240K, used 2045K [0x00000000eab00000, 0x00000000eba00000, 0x0000000100000000)
  eden space 8192K, 0% used [0x00000000eab00000,0x00000000eab00000,0x00000000eb300000)
  from space 2048K, 99% used [0x00000000eb300000,0x00000000eb4ff600,0x00000000eb500000)
  to   space 3584K, 0% used [0x00000000eb680000,0x00000000eb680000,0x00000000eba00000)
 ParOldGen       total 143872K, used 118996K [0x00000000c0000000, 0x00000000c8c80000, 0x00000000eab00000)
  object space 143872K, 82% used [0x00000000c0000000,0x00000000c7435170,0x00000000c8c80000)
 Metaspace       used 69946K, committed 71232K, reserved 1114112K
  class space    used 7504K, committed 8064K, reserved 1048576K
}
Event: 8.557 GC heap before
{Heap before GC invocations=72 (full 5):
 PSYoungGen      total 10240K, used 10237K [0x00000000eab00000, 0x00000000eba00000, 0x0000000100000000)
  eden space 8192K, 100% used [0x00000000eab00000,0x00000000eb300000,0x00000000eb300000)
  from space 2048K, 99% used [0x00000000eb300000,0x00000000eb4ff600,0x00000000eb500000)
  to   space 3584K, 0% used [0x00000000eb680000,0x00000000eb680000,0x00000000eba00000)
 ParOldGen       total 143872K, used 118996K [0x00000000c0000000, 0x00000000c8c80000, 0x00000000eab00000)
  object space 143872K, 82% used [0x00000000c0000000,0x00000000c7435170,0x00000000c8c80000)
 Metaspace       used 70233K, committed 71424K, reserved 1114112K
  class space    used 7530K, committed 8064K, reserved 1048576K
}
Event: 8.561 GC heap after
{Heap after GC invocations=72 (full 5):
 PSYoungGen      total 9728K, used 1508K [0x00000000eab00000, 0x00000000eb800000, 0x0000000100000000)
  eden space 8192K, 0% used [0x00000000eab00000,0x00000000eab00000,0x00000000eb300000)
  from space 1536K, 98% used [0x00000000eb680000,0x00000000eb7f9058,0x00000000eb800000)
  to   space 2560K, 0% used [0x00000000eb300000,0x00000000eb300000,0x00000000eb580000)
 ParOldGen       total 143872K, used 121004K [0x00000000c0000000, 0x00000000c8c80000, 0x00000000eab00000)
  object space 143872K, 84% used [0x00000000c0000000,0x00000000c762b0f0,0x00000000c8c80000)
 Metaspace       used 70233K, committed 71424K, reserved 1114112K
  class space    used 7530K, committed 8064K, reserved 1048576K
}
Event: 8.627 GC heap before
{Heap before GC invocations=73 (full 5):
 PSYoungGen      total 9728K, used 9677K [0x00000000eab00000, 0x00000000eb800000, 0x0000000100000000)
  eden space 8192K, 99% used [0x00000000eab00000,0x00000000eb2fa4d0,0x00000000eb300000)
  from space 1536K, 98% used [0x00000000eb680000,0x00000000eb7f9058,0x00000000eb800000)
  to   space 2560K, 0% used [0x00000000eb300000,0x00000000eb300000,0x00000000eb580000)
 ParOldGen       total 143872K, used 121004K [0x00000000c0000000, 0x00000000c8c80000, 0x00000000eab00000)
  object space 143872K, 84% used [0x00000000c0000000,0x00000000c762b0f0,0x00000000c8c80000)
 Metaspace       used 70565K, committed 71872K, reserved 1114112K
  class space    used 7586K, committed 8192K, reserved 1048576K
}
Event: 8.629 GC heap after
{Heap after GC invocations=73 (full 5):
 PSYoungGen      total 9728K, used 1491K [0x00000000eab00000, 0x00000000eb700000, 0x0000000100000000)
  eden space 8192K, 0% used [0x00000000eab00000,0x00000000eab00000,0x00000000eb300000)
  from space 1536K, 97% used [0x00000000eb300000,0x00000000eb474df8,0x00000000eb480000)
  to   space 2048K, 0% used [0x00000000eb500000,0x00000000eb500000,0x00000000eb700000)
 ParOldGen       total 143872K, used 122333K [0x00000000c0000000, 0x00000000c8c80000, 0x00000000eab00000)
  object space 143872K, 85% used [0x00000000c0000000,0x00000000c77774e8,0x00000000c8c80000)
 Metaspace       used 70565K, committed 71872K, reserved 1114112K
  class space    used 7586K, committed 8192K, reserved 1048576K
}
Event: 8.656 GC heap before
{Heap before GC invocations=74 (full 5):
 PSYoungGen      total 9728K, used 9683K [0x00000000eab00000, 0x00000000eb700000, 0x0000000100000000)
  eden space 8192K, 100% used [0x00000000eab00000,0x00000000eb300000,0x00000000eb300000)
  from space 1536K, 97% used [0x00000000eb300000,0x00000000eb474df8,0x00000000eb480000)
  to   space 2048K, 0% used [0x00000000eb500000,0x00000000eb500000,0x00000000eb700000)
 ParOldGen       total 143872K, used 122333K [0x00000000c0000000, 0x00000000c8c80000, 0x00000000eab00000)
  object space 143872K, 85% used [0x00000000c0000000,0x00000000c77774e8,0x00000000c8c80000)
 Metaspace       used 70654K, committed 71936K, reserved 1114112K
  class space    used 7600K, committed 8192K, reserved 1048576K
}
Event: 8.661 GC heap after
{Heap after GC invocations=74 (full 5):
 PSYoungGen      total 10240K, used 1930K [0x00000000eab00000, 0x00000000eb700000, 0x0000000100000000)
  eden space 8192K, 0% used [0x00000000eab00000,0x00000000eab00000,0x00000000eb300000)
  from space 2048K, 94% used [0x00000000eb500000,0x00000000eb6e2b20,0x00000000eb700000)
  to   space 2048K, 0% used [0x00000000eb300000,0x00000000eb300000,0x00000000eb500000)
 ParOldGen       total 143872K, used 126876K [0x00000000c0000000, 0x00000000c8c80000, 0x00000000eab00000)
  object space 143872K, 88% used [0x00000000c0000000,0x00000000c7be71a8,0x00000000c8c80000)
 Metaspace       used 70654K, committed 71936K, reserved 1114112K
  class space    used 7600K, committed 8192K, reserved 1048576K
}
Event: 8.690 GC heap before
{Heap before GC invocations=75 (full 5):
 PSYoungGen      total 10240K, used 9779K [0x00000000eab00000, 0x00000000eb700000, 0x0000000100000000)
  eden space 8192K, 95% used [0x00000000eab00000,0x00000000eb2aa340,0x00000000eb300000)
  from space 2048K, 94% used [0x00000000eb500000,0x00000000eb6e2b20,0x00000000eb700000)
  to   space 2048K, 0% used [0x00000000eb300000,0x00000000eb300000,0x00000000eb500000)
 ParOldGen       total 143872K, used 126876K [0x00000000c0000000, 0x00000000c8c80000, 0x00000000eab00000)
  object space 143872K, 88% used [0x00000000c0000000,0x00000000c7be71a8,0x00000000c8c80000)
 Metaspace       used 70935K, committed 72192K, reserved 1114112K
  class space    used 7620K, committed 8192K, reserved 1048576K
}
Event: 8.692 GC heap after
{Heap after GC invocations=75 (full 5):
 PSYoungGen      total 10240K, used 2028K [0x00000000eab00000, 0x00000000ebd00000, 0x0000000100000000)
  eden space 8192K, 0% used [0x00000000eab00000,0x00000000eab00000,0x00000000eb300000)
  from space 2048K, 99% used [0x00000000eb300000,0x00000000eb4fb288,0x00000000eb500000)
  to   space 5120K, 0% used [0x00000000eb800000,0x00000000eb800000,0x00000000ebd00000)
 ParOldGen       total 143872K, used 129141K [0x00000000c0000000, 0x00000000c8c80000, 0x00000000eab00000)
  object space 143872K, 89% used [0x00000000c0000000,0x00000000c7e1d628,0x00000000c8c80000)
 Metaspace       used 70935K, committed 72192K, reserved 1114112K
  class space    used 7620K, committed 8192K, reserved 1048576K
}
Event: 8.704 GC heap before
{Heap before GC invocations=76 (full 5):
 PSYoungGen      total 10240K, used 6797K [0x00000000eab00000, 0x00000000ebd00000, 0x0000000100000000)
  eden space 8192K, 58% used [0x00000000eab00000,0x00000000eafa82f8,0x00000000eb300000)
  from space 2048K, 99% used [0x00000000eb300000,0x00000000eb4fb288,0x00000000eb500000)
  to   space 5120K, 0% used [0x00000000eb800000,0x00000000eb800000,0x00000000ebd00000)
 ParOldGen       total 143872K, used 129141K [0x00000000c0000000, 0x00000000c8c80000, 0x00000000eab00000)
  object space 143872K, 89% used [0x00000000c0000000,0x00000000c7e1d628,0x00000000c8c80000)
 Metaspace       used 70945K, committed 72256K, reserved 1114112K
  class space    used 7621K, committed 8192K, reserved 1048576K
}
Event: 8.708 GC heap after
{Heap after GC invocations=76 (full 5):
 PSYoungGen      total 12800K, used 4297K [0x00000000eab00000, 0x00000000ebc80000, 0x0000000100000000)
  eden space 8192K, 0% used [0x00000000eab00000,0x00000000eab00000,0x00000000eb300000)
  from space 4608K, 93% used [0x00000000eb800000,0x00000000ebc32538,0x00000000ebc80000)
  to   space 4608K, 0% used [0x00000000eb380000,0x00000000eb380000,0x00000000eb800000)
 ParOldGen       total 143872K, used 130945K [0x00000000c0000000, 0x00000000c8c80000, 0x00000000eab00000)
  object space 143872K, 91% used [0x00000000c0000000,0x00000000c7fe0648,0x00000000c8c80000)
 Metaspace       used 70945K, committed 72256K, reserved 1114112K
  class space    used 7621K, committed 8192K, reserved 1048576K
}
Event: 8.736 GC heap before
{Heap before GC invocations=77 (full 5):
 PSYoungGen      total 12800K, used 12489K [0x00000000eab00000, 0x00000000ebc80000, 0x0000000100000000)
  eden space 8192K, 100% used [0x00000000eab00000,0x00000000eb300000,0x00000000eb300000)
  from space 4608K, 93% used [0x00000000eb800000,0x00000000ebc32538,0x00000000ebc80000)
  to   space 4608K, 0% used [0x00000000eb380000,0x00000000eb380000,0x00000000eb800000)
 ParOldGen       total 143872K, used 138609K [0x00000000c0000000, 0x00000000c8c80000, 0x00000000eab00000)
  object space 143872K, 96% used [0x00000000c0000000,0x00000000c875c6a0,0x00000000c8c80000)
 Metaspace       used 71149K, committed 72384K, reserved 1114112K
  class space    used 7643K, committed 8192K, reserved 1048576K
}
Event: 8.738 GC heap after
{Heap after GC invocations=77 (full 5):
 PSYoungGen      total 9216K, used 854K [0x00000000eab00000, 0x00000000eb880000, 0x0000000100000000)
  eden space 8192K, 0% used [0x00000000eab00000,0x00000000eab00000,0x00000000eb300000)
  from space 1024K, 83% used [0x00000000eb380000,0x00000000eb4559a0,0x00000000eb480000)
  to   space 2560K, 0% used [0x00000000eb600000,0x00000000eb600000,0x00000000eb880000)
 ParOldGen       total 143872K, used 138856K [0x00000000c0000000, 0x00000000c8c80000, 0x00000000eab00000)
  object space 143872K, 96% used [0x00000000c0000000,0x00000000c879a2b8,0x00000000c8c80000)
 Metaspace       used 71149K, committed 72384K, reserved 1114112K
  class space    used 7643K, committed 8192K, reserved 1048576K
}
Event: 8.765 GC heap before
{Heap before GC invocations=78 (full 5):
 PSYoungGen      total 9216K, used 8275K [0x00000000eab00000, 0x00000000eb880000, 0x0000000100000000)
  eden space 8192K, 90% used [0x00000000eab00000,0x00000000eb23f368,0x00000000eb300000)
  from space 1024K, 83% used [0x00000000eb380000,0x00000000eb4559a0,0x00000000eb480000)
  to   space 2560K, 0% used [0x00000000eb600000,0x00000000eb600000,0x00000000eb880000)
 ParOldGen       total 159232K, used 154176K [0x00000000c0000000, 0x00000000c9b80000, 0x00000000eab00000)
  object space 159232K, 96% used [0x00000000c0000000,0x00000000c96902c8,0x00000000c9b80000)
 Metaspace       used 71224K, committed 72512K, reserved 1114112K
  class space    used 7654K, committed 8192K, reserved 1048576K
}
Event: 8.767 GC heap after
{Heap after GC invocations=78 (full 5):
 PSYoungGen      total 10240K, used 1719K [0x00000000eab00000, 0x00000000eb800000, 0x0000000100000000)
  eden space 8192K, 0% used [0x00000000eab00000,0x00000000eab00000,0x00000000eb300000)
  from space 2048K, 83% used [0x00000000eb600000,0x00000000eb7add00,0x00000000eb800000)
  to   space 2048K, 0% used [0x00000000eb400000,0x00000000eb400000,0x00000000eb600000)
 ParOldGen       total 159232K, used 154866K [0x00000000c0000000, 0x00000000c9b80000, 0x00000000eab00000)
  object space 159232K, 97% used [0x00000000c0000000,0x00000000c973cb38,0x00000000c9b80000)
 Metaspace       used 71224K, committed 72512K, reserved 1114112K
  class space    used 7654K, committed 8192K, reserved 1048576K
}
Event: 8.767 GC heap before
{Heap before GC invocations=79 (full 5):
 PSYoungGen      total 10240K, used 1719K [0x00000000eab00000, 0x00000000eb800000, 0x0000000100000000)
  eden space 8192K, 0% used [0x00000000eab00000,0x00000000eab00000,0x00000000eb300000)
  from space 2048K, 83% used [0x00000000eb600000,0x00000000eb7add00,0x00000000eb800000)
  to   space 2048K, 0% used [0x00000000eb400000,0x00000000eb400000,0x00000000eb600000)
 ParOldGen       total 159232K, used 154866K [0x00000000c0000000, 0x00000000c9b80000, 0x00000000eab00000)
  object space 159232K, 97% used [0x00000000c0000000,0x00000000c973cb38,0x00000000c9b80000)
 Metaspace       used 71224K, committed 72512K, reserved 1114112K
  class space    used 7654K, committed 8192K, reserved 1048576K
}
Event: 8.768 GC heap after
{Heap after GC invocations=79 (full 5):
 PSYoungGen      total 11264K, used 0K [0x00000000eab00000, 0x00000000eb700000, 0x0000000100000000)
  eden space 9216K, 0% used [0x00000000eab00000,0x00000000eab00000,0x00000000eb400000)
  from space 2048K, 0% used [0x00000000eb400000,0x00000000eb400000,0x00000000eb600000)
  to   space 1024K, 0% used [0x00000000eb600000,0x00000000eb600000,0x00000000eb700000)
 ParOldGen       total 159232K, used 157198K [0x00000000c0000000, 0x00000000c9b80000, 0x00000000eab00000)
  object space 159232K, 98% used [0x00000000c0000000,0x00000000c9983818,0x00000000c9b80000)
 Metaspace       used 71224K, committed 72512K, reserved 1114112K
  class space    used 7654K, committed 8192K, reserved 1048576K
}
Event: 8.768 GC heap before
{Heap before GC invocations=80 (full 6):
 PSYoungGen      total 11264K, used 0K [0x00000000eab00000, 0x00000000eb700000, 0x0000000100000000)
  eden space 9216K, 0% used [0x00000000eab00000,0x00000000eab00000,0x00000000eb400000)
  from space 2048K, 0% used [0x00000000eb400000,0x00000000eb400000,0x00000000eb600000)
  to   space 1024K, 0% used [0x00000000eb600000,0x00000000eb600000,0x00000000eb700000)
 ParOldGen       total 159232K, used 157198K [0x00000000c0000000, 0x00000000c9b80000, 0x00000000eab00000)
  object space 159232K, 98% used [0x00000000c0000000,0x00000000c9983818,0x00000000c9b80000)
 Metaspace       used 71224K, committed 72512K, reserved 1114112K
  class space    used 7654K, committed 8192K, reserved 1048576K
}
Event: 8.819 GC heap after
{Heap after GC invocations=80 (full 6):
 PSYoungGen      total 11264K, used 0K [0x00000000eab00000, 0x00000000eb800000, 0x0000000100000000)
  eden space 10240K, 0% used [0x00000000eab00000,0x00000000eab00000,0x00000000eb500000)
  from space 1024K, 0% used [0x00000000eb600000,0x00000000eb600000,0x00000000eb700000)
  to   space 1024K, 0% used [0x00000000eb500000,0x00000000eb500000,0x00000000eb600000)
 ParOldGen       total 175104K, used 144544K [0x00000000c0000000, 0x00000000cab00000, 0x00000000eab00000)
  object space 175104K, 82% used [0x00000000c0000000,0x00000000c8d28020,0x00000000cab00000)
 Metaspace       used 71224K, committed 72512K, reserved 1114112K
  class space    used 7654K, committed 8192K, reserved 1048576K
}

Dll operation events (12 events):
Event: 0.011 Loaded shared library c:\Users\VAISHNAVI.M\.vscode\extensions\redhat.java-1.36.0-win32-x64\jre\17.0.13-win32-x86_64\bin\java.dll
Event: 0.139 Loaded shared library c:\Users\VAISHNAVI.M\.vscode\extensions\redhat.java-1.36.0-win32-x64\jre\17.0.13-win32-x86_64\bin\zip.dll
Event: 0.141 Loaded shared library C:\Users\VAISHNAVI.M\.vscode\extensions\redhat.java-1.36.0-win32-x64\jre\17.0.13-win32-x86_64\bin\instrument.dll
Event: 0.150 Loaded shared library C:\Users\VAISHNAVI.M\.vscode\extensions\redhat.java-1.36.0-win32-x64\jre\17.0.13-win32-x86_64\bin\net.dll
Event: 0.152 Loaded shared library C:\Users\VAISHNAVI.M\.vscode\extensions\redhat.java-1.36.0-win32-x64\jre\17.0.13-win32-x86_64\bin\nio.dll
Event: 0.157 Loaded shared library C:\Users\VAISHNAVI.M\.vscode\extensions\redhat.java-1.36.0-win32-x64\jre\17.0.13-win32-x86_64\bin\zip.dll
Event: 0.169 Loaded shared library C:\Users\VAISHNAVI.M\.vscode\extensions\redhat.java-1.36.0-win32-x64\jre\17.0.13-win32-x86_64\bin\jimage.dll
Event: 0.215 Loaded shared library c:\Users\VAISHNAVI.M\.vscode\extensions\redhat.java-1.36.0-win32-x64\jre\17.0.13-win32-x86_64\bin\verify.dll
Event: 1.176 Loaded shared library C:\Users\VAISHNAVI.M\AppData\Roaming\Code\User\globalStorage\redhat.java\1.36.0\config_win\org.eclipse.equinox.launcher\org.eclipse.equinox.launcher.win32.win32.x86_64_1.2.1100.v20240722-2106\eclipse_11904.dll
Event: 2.784 Loaded shared library C:\Users\VAISHNAVI.M\AppData\Local\Temp\jna-1788201880\jna2472465602038315450.dll
Event: 7.836 Loaded shared library C:\Users\VAISHNAVI.M\.vscode\extensions\redhat.java-1.36.0-win32-x64\jre\17.0.13-win32-x86_64\bin\sunmscapi.dll
Event: 7.998 Loaded shared library C:\Users\VAISHNAVI.M\.vscode\extensions\redhat.java-1.36.0-win32-x64\jre\17.0.13-win32-x86_64\bin\extnet.dll

Deoptimization events (20 events):
Event: 8.849 Thread 0x00000242a3d25de0 Uncommon trap: trap_request=0xffffff45 fr.pc=0x0000024291f91838 relative=0x00000000000002f8
Event: 8.849 Thread 0x00000242a3d25de0 Uncommon trap: reason=unstable_if action=reinterpret pc=0x0000024291f91838 method=java.util.HashMap.getNode(Ljava/lang/Object;)Ljava/util/HashMap$Node; @ 66 c2
Event: 8.849 Thread 0x00000242a3d25de0 DEOPT PACKING pc=0x0000024291f91838 sp=0x000000a07edfe560
Event: 8.849 Thread 0x00000242a3d25de0 DEOPT UNPACKING pc=0x00000242919766a3 sp=0x000000a07edfe4f0 mode 2
Event: 8.852 Thread 0x00000242a2e4c430 DEOPT PACKING pc=0x000002428a400845 sp=0x000000a07c4fef40
Event: 8.852 Thread 0x00000242a2e4c430 DEOPT UNPACKING pc=0x0000024291976e43 sp=0x000000a07c4fe3b8 mode 0
Event: 8.852 Thread 0x00000242a2e4ecb0 DEOPT PACKING pc=0x000002428b1e24bb sp=0x000000a07c3fe910
Event: 8.852 Thread 0x00000242a2e4ecb0 DEOPT UNPACKING pc=0x0000024291976e43 sp=0x000000a07c3fde78 mode 0
Event: 8.853 Thread 0x00000242a2e4ecb0 DEOPT PACKING pc=0x000002428a466de1 sp=0x000000a07c3fe500
Event: 8.853 Thread 0x00000242a2e4ecb0 DEOPT UNPACKING pc=0x0000024291976e43 sp=0x000000a07c3fd9f8 mode 0
Event: 8.854 Thread 0x00000242a2e4c430 DEOPT PACKING pc=0x000002428a400845 sp=0x000000a07c4feb40
Event: 8.854 Thread 0x00000242a2e4c430 DEOPT UNPACKING pc=0x0000024291976e43 sp=0x000000a07c4fdfb8 mode 0
Event: 8.856 Thread 0x00000242a3d21700 DEOPT PACKING pc=0x000002428aded818 sp=0x000000a07e5fd0e0
Event: 8.856 Thread 0x00000242a3d21700 DEOPT UNPACKING pc=0x0000024291976e43 sp=0x000000a07e5fc5d0 mode 0
Event: 8.859 Thread 0x00000242a2e4c430 DEOPT PACKING pc=0x000002428a400845 sp=0x000000a07c4fe920
Event: 8.859 Thread 0x00000242a2e4c430 DEOPT UNPACKING pc=0x0000024291976e43 sp=0x000000a07c4fdd98 mode 0
Event: 8.859 Thread 0x00000242a2e4c430 DEOPT PACKING pc=0x000002428a818bb8 sp=0x000000a07c4feae0
Event: 8.859 Thread 0x00000242a2e4c430 DEOPT UNPACKING pc=0x0000024291976e43 sp=0x000000a07c4fdfe8 mode 0
Event: 8.859 Thread 0x00000242a3d25de0 DEOPT PACKING pc=0x000002428ae14d73 sp=0x000000a07edfe900
Event: 8.859 Thread 0x00000242a3d25de0 DEOPT UNPACKING pc=0x0000024291976e43 sp=0x000000a07edfdde8 mode 0

Classes loaded (20 events):
Event: 8.564 Loading class sun/net/www/protocol/http/HttpURLConnection$HttpInputStream
Event: 8.564 Loading class sun/net/www/protocol/http/HttpURLConnection$HttpInputStream done
Event: 8.582 Loading class java/util/HashMap$ValueSpliterator
Event: 8.583 Loading class java/util/HashMap$ValueSpliterator done
Event: 8.596 Loading class jdk/internal/event/SecurityPropertyModificationEvent
Event: 8.596 Loading class jdk/internal/event/SecurityPropertyModificationEvent done
Event: 8.650 Loading class java/util/regex/Pattern$1
Event: 8.650 Loading class java/util/regex/Pattern$1 done
Event: 8.680 Loading class java/lang/Throwable$WrappedPrintWriter
Event: 8.680 Loading class java/lang/Throwable$PrintStreamOrWriter
Event: 8.680 Loading class java/lang/Throwable$PrintStreamOrWriter done
Event: 8.680 Loading class java/lang/Throwable$WrappedPrintWriter done
Event: 8.687 Loading class java/util/zip/CheckedInputStream
Event: 8.687 Loading class java/util/zip/CheckedInputStream done
Event: 8.734 Loading class java/util/stream/ReduceOps$2
Event: 8.735 Loading class java/util/stream/ReduceOps$2 done
Event: 8.735 Loading class java/util/stream/ReduceOps$2ReducingSink
Event: 8.735 Loading class java/util/stream/ReduceOps$2ReducingSink done
Event: 8.764 Loading class java/util/zip/GZIPInputStream$1
Event: 8.765 Loading class java/util/zip/GZIPInputStream$1 done

Classes unloaded (11 events):
Event: 4.277 Thread 0x000002428780ed00 Unloading class 0x0000000100256000 'java/lang/invoke/LambdaForm$MH+0x0000000100256000'
Event: 4.277 Thread 0x000002428780ed00 Unloading class 0x0000000100255c00 'java/lang/invoke/LambdaForm$MH+0x0000000100255c00'
Event: 4.277 Thread 0x000002428780ed00 Unloading class 0x0000000100255800 'java/lang/invoke/LambdaForm$MH+0x0000000100255800'
Event: 4.277 Thread 0x000002428780ed00 Unloading class 0x0000000100255400 'java/lang/invoke/LambdaForm$MH+0x0000000100255400'
Event: 4.277 Thread 0x000002428780ed00 Unloading class 0x0000000100255000 'java/lang/invoke/LambdaForm$BMH+0x0000000100255000'
Event: 4.277 Thread 0x000002428780ed00 Unloading class 0x0000000100254c00 'java/lang/invoke/LambdaForm$DMH+0x0000000100254c00'
Event: 4.277 Thread 0x000002428780ed00 Unloading class 0x0000000100252400 'java/lang/invoke/LambdaForm$DMH+0x0000000100252400'
Event: 6.649 Thread 0x000002428780ed00 Unloading class 0x0000000100420000 'java/lang/invoke/LambdaForm$MH+0x0000000100420000'
Event: 6.649 Thread 0x000002428780ed00 Unloading class 0x000000010041f400 'java/lang/invoke/LambdaForm$MH+0x000000010041f400'
Event: 6.649 Thread 0x000002428780ed00 Unloading class 0x000000010041e800 'java/lang/invoke/LambdaForm$MH+0x000000010041e800'
Event: 6.649 Thread 0x000002428780ed00 Unloading class 0x000000010041e400 'java/lang/invoke/LambdaForm$MH+0x000000010041e400'

Classes redefined (0 events):
No events

Internal exceptions (20 events):
Event: 8.526 Thread 0x00000242a2e4c430 Exception <a 'sun/nio/fs/WindowsException'{0x00000000eac802f0}> (0x00000000eac802f0) 
thrown [s\src\hotspot\share\prims\jni.cpp, line 516]
Event: 8.527 Thread 0x00000242a2e4c430 Exception <a 'sun/nio/fs/WindowsException'{0x00000000eac80f78}> (0x00000000eac80f78) 
thrown [s\src\hotspot\share\prims\jni.cpp, line 516]
Event: 8.527 Thread 0x00000242a2e4c430 Exception <a 'sun/nio/fs/WindowsException'{0x00000000eac815b0}> (0x00000000eac815b0) 
thrown [s\src\hotspot\share\prims\jni.cpp, line 516]
Event: 8.528 Thread 0x00000242a2e4c430 Exception <a 'sun/nio/fs/WindowsException'{0x00000000eac82920}> (0x00000000eac82920) 
thrown [s\src\hotspot\share\prims\jni.cpp, line 516]
Event: 8.528 Thread 0x00000242a2e4c430 Exception <a 'sun/nio/fs/WindowsException'{0x00000000eacc2d28}> (0x00000000eacc2d28) 
thrown [s\src\hotspot\share\prims\jni.cpp, line 516]
Event: 8.539 Thread 0x00000242a2e4c430 Exception <a 'sun/nio/fs/WindowsException'{0x00000000eafefc00}> (0x00000000eafefc00) 
thrown [s\src\hotspot\share\prims\jni.cpp, line 516]
Event: 8.539 Thread 0x00000242a2e4c430 Exception <a 'sun/nio/fs/WindowsException'{0x00000000eaff0238}> (0x00000000eaff0238) 
thrown [s\src\hotspot\share\prims\jni.cpp, line 516]
Event: 8.540 Thread 0x00000242a2e4c430 Exception <a 'sun/nio/fs/WindowsException'{0x00000000eaff0ec0}> (0x00000000eaff0ec0) 
thrown [s\src\hotspot\share\prims\jni.cpp, line 516]
Event: 8.542 Thread 0x00000242a2e4c430 Exception <a 'sun/nio/fs/WindowsException'{0x00000000eaff14f8}> (0x00000000eaff14f8) 
thrown [s\src\hotspot\share\prims\jni.cpp, line 516]
Event: 8.553 Thread 0x00000242a2e4c430 Exception <a 'sun/nio/fs/WindowsException'{0x00000000eb24dce0}> (0x00000000eb24dce0) 
thrown [s\src\hotspot\share\prims\jni.cpp, line 516]
Event: 8.553 Thread 0x00000242a2e4c430 Exception <a 'sun/nio/fs/WindowsException'{0x00000000eb24e318}> (0x00000000eb24e318) 
thrown [s\src\hotspot\share\prims\jni.cpp, line 516]
Event: 8.585 Thread 0x00000242a2e4e7a0 Exception <a 'sun/nio/fs/WindowsException'{0x00000000eaee8080}> (0x00000000eaee8080) 
thrown [s\src\hotspot\share\prims\jni.cpp, line 516]
Event: 8.585 Thread 0x00000242a2e4e7a0 Exception <a 'sun/nio/fs/WindowsException'{0x00000000eaee8410}> (0x00000000eaee8410) 
thrown [s\src\hotspot\share\prims\jni.cpp, line 516]
Event: 8.603 Thread 0x00000242a3b57670 Exception <a 'java/lang/NoSuchMethodError'{0x00000000eb12e868}: 'java.lang.Object java.lang.invoke.DirectMethodHandle$Holder.invokeSpecial(java.lang.Object, java.lang.Object, int, long)'> (0x00000000eb12e868) 
thrown [s\src\hotspot\share\interpreter\linkResolver.cpp, line 759]
Event: 8.629 Thread 0x00000242a3d24eb0 Exception <a 'sun/nio/fs/WindowsException'{0x00000000eac52c30}> (0x00000000eac52c30) 
thrown [s\src\hotspot\share\prims\jni.cpp, line 516]
Event: 8.630 Thread 0x00000242a3d24eb0 Exception <a 'sun/nio/fs/WindowsException'{0x00000000eac53530}> (0x00000000eac53530) 
thrown [s\src\hotspot\share\prims\jni.cpp, line 516]
Event: 8.630 Thread 0x00000242a3d24eb0 Exception <a 'sun/nio/fs/WindowsException'{0x00000000eac54460}> (0x00000000eac54460) 
thrown [s\src\hotspot\share\prims\jni.cpp, line 516]
Event: 8.630 Thread 0x00000242a3d24eb0 Exception <a 'sun/nio/fs/WindowsException'{0x00000000eac54d40}> (0x00000000eac54d40) 
thrown [s\src\hotspot\share\prims\jni.cpp, line 516]
Event: 8.631 Thread 0x00000242a3d24eb0 Exception <a 'sun/nio/fs/WindowsException'{0x00000000eac7cc20}> (0x00000000eac7cc20) 
thrown [s\src\hotspot\share\prims\jni.cpp, line 516]
Event: 8.631 Thread 0x00000242a3d24eb0 Exception <a 'sun/nio/fs/WindowsException'{0x00000000eac7d500}> (0x00000000eac7d500) 
thrown [s\src\hotspot\share\prims\jni.cpp, line 516]

VM Operations (20 events):
Event: 8.557 Executing VM operation: ParallelGCFailedAllocation
Event: 8.561 Executing VM operation: ParallelGCFailedAllocation done
Event: 8.563 Executing VM operation: HandshakeAllThreads
Event: 8.563 Executing VM operation: HandshakeAllThreads done
Event: 8.627 Executing VM operation: ParallelGCFailedAllocation
Event: 8.629 Executing VM operation: ParallelGCFailedAllocation done
Event: 8.637 Executing VM operation: HandshakeAllThreads
Event: 8.637 Executing VM operation: HandshakeAllThreads done
Event: 8.656 Executing VM operation: ParallelGCFailedAllocation
Event: 8.661 Executing VM operation: ParallelGCFailedAllocation done
Event: 8.690 Executing VM operation: ParallelGCFailedAllocation
Event: 8.692 Executing VM operation: ParallelGCFailedAllocation done
Event: 8.700 Executing VM operation: ParallelGCFailedAllocation
Event: 8.709 Executing VM operation: ParallelGCFailedAllocation done
Event: 8.736 Executing VM operation: ParallelGCFailedAllocation
Event: 8.736 Executing VM operation: ParallelGCFailedAllocation done
Event: 8.736 Executing VM operation: ParallelGCSystemGC
Event: 8.738 Executing VM operation: ParallelGCSystemGC done
Event: 8.765 Executing VM operation: ParallelGCFailedAllocation
Event: 8.820 Executing VM operation: ParallelGCFailedAllocation done

Memory protections (0 events):
No events

Nmethod flushes (20 events):
Event: 5.667 Thread 0x00000242a09b6f00 flushing  nmethod 0x000002428af50990
Event: 5.667 Thread 0x00000242a09b6f00 flushing  nmethod 0x000002428af51590
Event: 5.668 Thread 0x00000242a09b6f00 flushing  nmethod 0x000002428af59e10
Event: 5.668 Thread 0x00000242a09b6f00 flushing  nmethod 0x000002428af5d010
Event: 5.668 Thread 0x00000242a09b6f00 flushing  nmethod 0x000002428af63c90
Event: 5.668 Thread 0x00000242a09b6f00 flushing  nmethod 0x000002428af65110
Event: 5.668 Thread 0x00000242a09b6f00 flushing  nmethod 0x000002428af72810
Event: 5.668 Thread 0x00000242a09b6f00 flushing  nmethod 0x000002428af74790
Event: 5.668 Thread 0x00000242a09b6f00 flushing  nmethod 0x000002428af86e10
Event: 5.668 Thread 0x00000242a09b6f00 flushing  nmethod 0x000002428af8da90
Event: 5.668 Thread 0x00000242a09b6f00 flushing  nmethod 0x000002428af8e210
Event: 5.668 Thread 0x00000242a09b6f00 flushing  nmethod 0x000002428af8f390
Event: 5.668 Thread 0x00000242a09b6f00 flushing  nmethod 0x000002428af92190
Event: 5.668 Thread 0x00000242a09b6f00 flushing  nmethod 0x000002428afaf610
Event: 5.668 Thread 0x00000242a09b6f00 flushing  nmethod 0x000002428afb2d90
Event: 5.668 Thread 0x00000242a09b6f00 flushing  nmethod 0x000002428afb4810
Event: 7.975 Thread 0x00000242a09b6f00 flushing  nmethod 0x000002428ad92890
Event: 7.975 Thread 0x00000242a09b6f00 flushing  nmethod 0x000002428ada0990
Event: 7.976 Thread 0x00000242a09b6f00 flushing  nmethod 0x000002428ae6e910
Event: 7.976 Thread 0x00000242a09b6f00 flushing  nmethod 0x000002428af1e310

Events (20 events):
Event: 5.741 Thread 0x00000242a3b57670 Thread added: 0x00000242a3b53ec0
Event: 5.741 Thread 0x00000242a3b534a0 Thread added: 0x00000242a3b543d0
Event: 5.741 Thread 0x00000242a3b53ec0 Thread added: 0x00000242a2e4e290
Event: 5.742 Thread 0x00000242a2e4e290 Thread added: 0x00000242a3d211f0
Event: 7.242 Thread 0x00000242a3b57670 Thread added: 0x00000242a3d202c0
Event: 7.334 Thread 0x00000242a3b57670 Thread added: 0x00000242a3d20ce0
Event: 8.260 Thread 0x00000242a3b58ab0 Thread added: 0x00000242a3d21700
Event: 8.464 Thread 0x00000242a2e4d360 Thread added: 0x00000242a3d22630
Event: 8.465 Thread 0x00000242a3d22630 Thread exited: 0x00000242a3d22630
Event: 8.518 Thread 0x00000242a2e4ce50 Thread exited: 0x00000242a2e4ce50
Event: 8.577 Thread 0x00000242a3b58ab0 Thread added: 0x00000242a3d24eb0
Event: 8.581 Thread 0x00000242a3d24eb0 Thread added: 0x00000242a3d21c10
Event: 8.582 Thread 0x00000242a3d21c10 Thread added: 0x00000242a3d262f0
Event: 8.583 Thread 0x00000242a3d262f0 Thread added: 0x00000242a3d26800
Event: 8.584 Thread 0x00000242a3d26800 Thread added: 0x00000242a3d249a0
Event: 8.585 Thread 0x00000242a3d249a0 Thread added: 0x00000242a3d207d0
Event: 8.585 Thread 0x00000242a3d207d0 Thread added: 0x00000242a3d23050
Event: 8.589 Thread 0x00000242a3b58ab0 Thread added: 0x00000242a3d1f8a0
Event: 8.601 Thread 0x00000242a3d23050 Thread added: 0x00000242a3d25de0
Event: 8.619 Thread 0x00000242a3d1f8a0 Thread added: 0x00000242a3d26d10


Dynamic libraries:
0x00007ff719c00000 - 0x00007ff719c0e000 	c:\Users\VAISHNAVI.M\.vscode\extensions\redhat.java-1.36.0-win32-x64\jre\17.0.13-win32-x86_64\bin\java.exe
0x00007ff806ab0000 - 0x00007ff806cc7000 	C:\WINDOWS\SYSTEM32\ntdll.dll
0x00007ff805230000 - 0x00007ff8052f4000 	C:\WINDOWS\System32\KERNEL32.DLL
0x00007ff803dc0000 - 0x00007ff804177000 	C:\WINDOWS\System32\KERNELBASE.dll
0x00007ff804690000 - 0x00007ff8047a1000 	C:\WINDOWS\System32\ucrtbase.dll
0x00007fffff460000 - 0x00007fffff477000 	c:\Users\VAISHNAVI.M\.vscode\extensions\redhat.java-1.36.0-win32-x64\jre\17.0.13-win32-x86_64\bin\jli.dll
0x00007ff805e80000 - 0x00007ff80602f000 	C:\WINDOWS\System32\USER32.dll
0x00007ff804420000 - 0x00007ff804446000 	C:\WINDOWS\System32\win32u.dll
0x00007ff805300000 - 0x00007ff805329000 	C:\WINDOWS\System32\GDI32.dll
0x00007ff804570000 - 0x00007ff804688000 	C:\WINDOWS\System32\gdi32full.dll
0x00007ff804450000 - 0x00007ff8044ea000 	C:\WINDOWS\System32\msvcp_win.dll
0x00007fffe0830000 - 0x00007fffe084e000 	c:\Users\VAISHNAVI.M\.vscode\extensions\redhat.java-1.36.0-win32-x64\jre\17.0.13-win32-x86_64\bin\VCRUNTIME140.dll
0x00007ff8030e0000 - 0x00007ff803373000 	C:\WINDOWS\WinSxS\amd64_microsoft.windows.common-controls_6595b64144ccf1df_6.0.22621.3672_none_2713b9d173822955\COMCTL32.dll
0x00007ff805500000 - 0x00007ff8055a7000 	C:\WINDOWS\System32\msvcrt.dll
0x00007ff8048e0000 - 0x00007ff804911000 	C:\WINDOWS\System32\IMM32.DLL
0x00007ffffe480000 - 0x00007ffffe48c000 	c:\Users\VAISHNAVI.M\.vscode\extensions\redhat.java-1.36.0-win32-x64\jre\17.0.13-win32-x86_64\bin\vcruntime140_1.dll
0x00007fffbe360000 - 0x00007fffbe3ed000 	c:\Users\VAISHNAVI.M\.vscode\extensions\redhat.java-1.36.0-win32-x64\jre\17.0.13-win32-x86_64\bin\msvcp140.dll
0x00007fff81930000 - 0x00007fff8259b000 	c:\Users\VAISHNAVI.M\.vscode\extensions\redhat.java-1.36.0-win32-x64\jre\17.0.13-win32-x86_64\bin\server\jvm.dll
0x00007ff8068b0000 - 0x00007ff806962000 	C:\WINDOWS\System32\ADVAPI32.dll
0x00007ff805450000 - 0x00007ff8054f8000 	C:\WINDOWS\System32\sechost.dll
0x00007ff8047b0000 - 0x00007ff8047d8000 	C:\WINDOWS\System32\bcrypt.dll
0x00007ff804920000 - 0x00007ff804a34000 	C:\WINDOWS\System32\RPCRT4.dll
0x00007ff804a40000 - 0x00007ff804ab1000 	C:\WINDOWS\System32\WS2_32.dll
0x00007ff803c90000 - 0x00007ff803cdd000 	C:\WINDOWS\SYSTEM32\POWRPROF.dll
0x00007ffff9f60000 - 0x00007ffff9f94000 	C:\WINDOWS\SYSTEM32\WINMM.dll
0x00007ffff4660000 - 0x00007ffff466a000 	C:\WINDOWS\SYSTEM32\VERSION.dll
0x00007ff803bc0000 - 0x00007ff803bd3000 	C:\WINDOWS\SYSTEM32\UMPDC.dll
0x00007ff802720000 - 0x00007ff802738000 	C:\WINDOWS\SYSTEM32\kernel.appcore.dll
0x00007ffffa6c0000 - 0x00007ffffa6ca000 	c:\Users\VAISHNAVI.M\.vscode\extensions\redhat.java-1.36.0-win32-x64\jre\17.0.13-win32-x86_64\bin\jimage.dll
0x00007ff803630000 - 0x00007ff803862000 	C:\WINDOWS\SYSTEM32\DBGHELP.DLL
0x00007ff805af0000 - 0x00007ff805e7e000 	C:\WINDOWS\System32\combase.dll
0x00007ff805800000 - 0x00007ff8058d7000 	C:\WINDOWS\System32\OLEAUT32.dll
0x00007ff803520000 - 0x00007ff803552000 	C:\WINDOWS\SYSTEM32\dbgcore.DLL
0x00007ff8044f0000 - 0x00007ff80456b000 	C:\WINDOWS\System32\bcryptPrimitives.dll
0x00007ffff9070000 - 0x00007ffff907e000 	c:\Users\VAISHNAVI.M\.vscode\extensions\redhat.java-1.36.0-win32-x64\jre\17.0.13-win32-x86_64\bin\instrument.dll
0x00007fffcd400000 - 0x00007fffcd425000 	c:\Users\VAISHNAVI.M\.vscode\extensions\redhat.java-1.36.0-win32-x64\jre\17.0.13-win32-x86_64\bin\java.dll
0x00007fffdc670000 - 0x00007fffdc688000 	c:\Users\VAISHNAVI.M\.vscode\extensions\redhat.java-1.36.0-win32-x64\jre\17.0.13-win32-x86_64\bin\zip.dll
0x00007ff806040000 - 0x00007ff8068a9000 	C:\WINDOWS\System32\SHELL32.dll
0x00007ff8015f0000 - 0x00007ff801eef000 	C:\WINDOWS\SYSTEM32\windows.storage.dll
0x00007ff8014b0000 - 0x00007ff8015ef000 	C:\WINDOWS\SYSTEM32\wintypes.dll
0x00007ff8047e0000 - 0x00007ff8048d9000 	C:\WINDOWS\System32\SHCORE.dll
0x00007ff804d50000 - 0x00007ff804dae000 	C:\WINDOWS\System32\shlwapi.dll
0x00007ff803cf0000 - 0x00007ff803d17000 	C:\WINDOWS\SYSTEM32\profapi.dll
0x00007fffd7ad0000 - 0x00007fffd7ae9000 	C:\Users\VAISHNAVI.M\.vscode\extensions\redhat.java-1.36.0-win32-x64\jre\17.0.13-win32-x86_64\bin\net.dll
0x00007ffffaa70000 - 0x00007ffffaba6000 	C:\WINDOWS\SYSTEM32\WINHTTP.dll
0x00007ff802b40000 - 0x00007ff802ba9000 	C:\WINDOWS\system32\mswsock.dll
0x00007fffd5bb0000 - 0x00007fffd5bc6000 	C:\Users\VAISHNAVI.M\.vscode\extensions\redhat.java-1.36.0-win32-x64\jre\17.0.13-win32-x86_64\bin\nio.dll
0x00007ffff46a0000 - 0x00007ffff46b0000 	c:\Users\VAISHNAVI.M\.vscode\extensions\redhat.java-1.36.0-win32-x64\jre\17.0.13-win32-x86_64\bin\verify.dll
0x00007fffc9870000 - 0x00007fffc98b5000 	C:\Users\VAISHNAVI.M\AppData\Roaming\Code\User\globalStorage\redhat.java\1.36.0\config_win\org.eclipse.equinox.launcher\org.eclipse.equinox.launcher.win32.win32.x86_64_1.2.1100.v20240722-2106\eclipse_11904.dll
0x00007ff8058e0000 - 0x00007ff805a85000 	C:\WINDOWS\System32\ole32.dll
0x00007ff803970000 - 0x00007ff80398b000 	C:\WINDOWS\SYSTEM32\CRYPTSP.dll
0x00007ff802680000 - 0x00007ff8026b5000 	C:\WINDOWS\system32\rsaenh.dll
0x00007ff802c30000 - 0x00007ff802c58000 	C:\WINDOWS\SYSTEM32\USERENV.dll
0x00007ff802dd0000 - 0x00007ff802ddc000 	C:\WINDOWS\SYSTEM32\CRYPTBASE.dll
0x00007ff8021a0000 - 0x00007ff8021cd000 	C:\WINDOWS\SYSTEM32\IPHLPAPI.DLL
0x00007ff805a90000 - 0x00007ff805a99000 	C:\WINDOWS\System32\NSI.dll
0x00007ffff9df0000 - 0x00007ffff9e09000 	C:\WINDOWS\SYSTEM32\dhcpcsvc6.DLL
0x00007ffff9dd0000 - 0x00007ffff9def000 	C:\WINDOWS\SYSTEM32\dhcpcsvc.DLL
0x00007ff8021d0000 - 0x00007ff8022d2000 	C:\WINDOWS\SYSTEM32\DNSAPI.dll
0x00007fffc38c0000 - 0x00007fffc3909000 	C:\Users\VAISHNAVI.M\AppData\Local\Temp\jna-1788201880\jna2472465602038315450.dll
0x00007ff8053c0000 - 0x00007ff8053c8000 	C:\WINDOWS\System32\PSAPI.DLL
0x00007fffea220000 - 0x00007fffea22e000 	C:\Users\VAISHNAVI.M\.vscode\extensions\redhat.java-1.36.0-win32-x64\jre\17.0.13-win32-x86_64\bin\sunmscapi.dll
0x00007ff804180000 - 0x00007ff8042e6000 	C:\WINDOWS\System32\CRYPT32.dll
0x00007ff802f80000 - 0x00007ff802fad000 	C:\WINDOWS\SYSTEM32\ncrypt.dll
0x00007ff802f40000 - 0x00007ff802f77000 	C:\WINDOWS\SYSTEM32\NTASN1.dll
0x00007ffffb190000 - 0x00007ffffb19a000 	C:\Windows\System32\rasadhlp.dll
0x00007ffff81f0000 - 0x00007ffff8273000 	C:\WINDOWS\System32\fwpuclnt.dll
0x00007fffea160000 - 0x00007fffea169000 	C:\Users\VAISHNAVI.M\.vscode\extensions\redhat.java-1.36.0-win32-x64\jre\17.0.13-win32-x86_64\bin\extnet.dll

dbghelp: loaded successfully - version: 4.0.5 - missing functions: none
symbol engine: initialized successfully - sym options: 0x614 - pdb path: .;c:\Users\VAISHNAVI.M\.vscode\extensions\redhat.java-1.36.0-win32-x64\jre\17.0.13-win32-x86_64\bin;C:\WINDOWS\SYSTEM32;C:\WINDOWS\WinSxS\amd64_microsoft.windows.common-controls_6595b64144ccf1df_6.0.22621.3672_none_2713b9d173822955;c:\Users\VAISHNAVI.M\.vscode\extensions\redhat.java-1.36.0-win32-x64\jre\17.0.13-win32-x86_64\bin\server;C:\Users\VAISHNAVI.M\AppData\Roaming\Code\User\globalStorage\redhat.java\1.36.0\config_win\org.eclipse.equinox.launcher\org.eclipse.equinox.launcher.win32.win32.x86_64_1.2.1100.v20240722-2106;C:\Users\VAISHNAVI.M\AppData\Local\Temp\jna-1788201880

VM Arguments:
jvm_args: --add-modules=ALL-SYSTEM --add-opens=java.base/java.util=ALL-UNNAMED --add-opens=java.base/java.lang=ALL-UNNAMED --add-opens=java.base/sun.nio.fs=ALL-UNNAMED -Declipse.application=org.eclipse.jdt.ls.core.id1 -Dosgi.bundles.defaultStartLevel=4 -Declipse.product=org.eclipse.jdt.ls.core.product -Djava.import.generatesMetadataFilesAtProjectRoot=false -DDetectVMInstallationsJob.disabled=true -Dfile.encoding=utf8 -XX:+UseParallelGC -XX:GCTimeRatio=4 -XX:AdaptiveSizePolicyWeight=90 -Dsun.zip.disableMemoryMapping=true -Xmx1G -Xms100m -Xlog:disable -javaagent:c:\Users\VAISHNAVI.M\.vscode\extensions\redhat.java-1.36.0-win32-x64\lombok\lombok-1.18.35.jar -XX:+HeapDumpOnOutOfMemoryError -XX:HeapDumpPath=c:\Users\VAISHNAVI.M\AppData\Roaming\Code\User\workspaceStorage\d342843e1f9b2e5887c2bebb3dbdd1ed\redhat.java -Daether.dependencyCollector.impl=bf 
java_command: c:\Users\VAISHNAVI.M\.vscode\extensions\redhat.java-1.36.0-win32-x64\server\plugins\org.eclipse.equinox.launcher_1.6.900.v20240613-2009.jar -configuration c:\Users\VAISHNAVI.M\AppData\Roaming\Code\User\globalStorage\redhat.java\1.36.0\config_win -data c:\Users\VAISHNAVI.M\AppData\Roaming\Code\User\workspaceStorage\d342843e1f9b2e5887c2bebb3dbdd1ed\redhat.java\jdt_ws --pipe=\\.\pipe\lsp-40af7ab0e6e5c4f5d38bc3f2b4b0e507-sock
java_class_path (initial): c:\Users\VAISHNAVI.M\.vscode\extensions\redhat.java-1.36.0-win32-x64\server\plugins\org.eclipse.equinox.launcher_1.6.900.v20240613-2009.jar
Launcher Type: SUN_STANDARD

[Global flags]
    uintx AdaptiveSizePolicyWeight                 = 90                                        {product} {command line}
     intx CICompilerCount                          = 4                                         {product} {ergonomic}
    uintx GCTimeRatio                              = 4                                         {product} {command line}
     bool HeapDumpOnOutOfMemoryError               = true                                   {manageable} {command line}
    ccstr HeapDumpPath                             = c:\Users\VAISHNAVI.M\AppData\Roaming\Code\User\workspaceStorage\d342843e1f9b2e5887c2bebb3dbdd1ed\redhat.java         {manageable} {command line}
   size_t InitialHeapSize                          = 104857600                                 {product} {command line}
   size_t MaxHeapSize                              = 1073741824                                {product} {command line}
   size_t MaxNewSize                               = 357564416                                 {product} {ergonomic}
   size_t MinHeapDeltaBytes                        = 524288                                    {product} {ergonomic}
   size_t MinHeapSize                              = 104857600                                 {product} {command line}
   size_t NewSize                                  = 34603008                                  {product} {ergonomic}
    uintx NonNMethodCodeHeapSize                   = 5839372                                {pd product} {ergonomic}
    uintx NonProfiledCodeHeapSize                  = 122909434                              {pd product} {ergonomic}
   size_t OldSize                                  = 70254592                                  {product} {ergonomic}
    uintx ProfiledCodeHeapSize                     = 122909434                              {pd product} {ergonomic}
    uintx ReservedCodeCacheSize                    = 251658240                              {pd product} {ergonomic}
     bool SegmentedCodeCache                       = true                                      {product} {ergonomic}
   size_t SoftMaxHeapSize                          = 1073741824                             {manageable} {ergonomic}
     bool UseCompressedClassPointers               = true                           {product lp64_product} {ergonomic}
     bool UseCompressedOops                        = true                           {product lp64_product} {ergonomic}
     bool UseLargePagesIndividualAllocation        = false                                  {pd product} {ergonomic}
     bool UseParallelGC                            = true                                      {product} {command line}

Logging:
Log output configuration:
 #0: stdout all=off uptime,level,tags
 #1: stderr all=off uptime,level,tags

Environment Variables:
JAVA_HOME=C:\Program Files\Java\jdk-17
PATH=C:\Program Files\Common Files\Oracle\Java\javapath;C:\ProgramData\Oracle\Java\javapath;C:\WINDOWS\system32;C:\WINDOWS;C:\WINDOWS\System32\Wbem;C:\WINDOWS\System32\WindowsPowerShell\v1.0\;C:\WINDOWS\System32\OpenSSH\;C:\Program Files\Azure Data Studio\bin;D:\NodeJS\;C:\xampp\php;C:\Program Files\Git\cmd;F:\ngrok;;C:\Program Files\Docker\Docker\resources\bin;C:\Users\VAISHNAVI.M\AppData\Local\Programs\Python\Launcher\;C:\Users\VAISHNAVI.M\AppData\Local\Microsoft\WindowsApps;C:\Users\VAISHNAVI.M\AppData\Local\Programs\Microsoft VS Code\bin;C:\Program Files\Azure Data Studio\bin;C:\Users\VAISHNAVI.M\AppData\Roaming\npm;C:\Users\VAISHNAVI.M\AppData\Local\GitHubDesktop\bin;C:\Program Files\Java\jdk-17\bin;
USERNAME=VAISHNAVI.M
OS=Windows_NT
PROCESSOR_IDENTIFIER=Intel64 Family 6 Model 186 Stepping 3, GenuineIntel
TMP=C:\Users\VAISHN~1.M\AppData\Local\Temp
TEMP=C:\Users\VAISHN~1.M\AppData\Local\Temp



Periodic native trim disabled


---------------  S Y S T E M  ---------------

OS:
 Windows 11 , 64 bit Build 22621 (10.0.22621.3958)
OS uptime: 24 days 16:15 hours
Hyper-V role detected

CPU: total 12 (initial active 12) (6 cores per cpu, 2 threads per core) family 6 model 186 stepping 3 microcode 0x4121, cx8, cmov, fxsr, ht, mmx, 3dnowpref, sse, sse2, sse3, ssse3, sse4.1, sse4.2, popcnt, lzcnt, tsc, tscinvbit, avx, avx2, aes, erms, clmul, bmi1, bmi2, adx, sha, fma, vzeroupper, clflush, clflushopt, clwb, hv
Processor Information for processor 0
  Max Mhz: 1300, Current Mhz: 1300, Mhz Limit: 1300
Processor Information for processor 1
  Max Mhz: 1300, Current Mhz: 1300, Mhz Limit: 1300
Processor Information for processor 2
  Max Mhz: 1300, Current Mhz: 1300, Mhz Limit: 1300
Processor Information for processor 3
  Max Mhz: 1300, Current Mhz: 1300, Mhz Limit: 1300
Processor Information for processor 4
  Max Mhz: 1300, Current Mhz: 900, Mhz Limit: 897
Processor Information for processor 5
  Max Mhz: 1300, Current Mhz: 900, Mhz Limit: 897
Processor Information for processor 6
  Max Mhz: 1300, Current Mhz: 900, Mhz Limit: 897
Processor Information for processor 7
  Max Mhz: 1300, Current Mhz: 900, Mhz Limit: 897
Processor Information for processor 8
  Max Mhz: 1300, Current Mhz: 900, Mhz Limit: 897
Processor Information for processor 9
  Max Mhz: 1300, Current Mhz: 900, Mhz Limit: 897
Processor Information for processor 10
  Max Mhz: 1300, Current Mhz: 900, Mhz Limit: 897
Processor Information for processor 11
  Max Mhz: 1300, Current Mhz: 900, Mhz Limit: 897

Memory: 4k page, system-wide physical 7835M (168M free)
TotalPageFile size 25492M (AvailPageFile size 17M)
current process WorkingSet (physical memory assigned to process): 433M, peak: 433M
current process commit charge ("private bytes"): 440M, peak: 949M

vm_info: OpenJDK 64-Bit Server VM (17.0.13+11) for windows-amd64 JRE (17.0.13+11), built on Oct 16 2024 00:10:08 by "admin" with MS VC++ 17.7 (VS2022)

END.
