#
# There is insufficient memory for the Java Runtime Environment to continue.
# Native memory allocation (malloc) failed to allocate 1048576 bytes. Error detail: AllocateHeap
# Possible reasons:
#   The system is out of physical RAM or swap space
#   This process is running with CompressedOops enabled, and the Java Heap may be blocking the growth of the native heap
# Possible solutions:
#   Reduce memory load on the system
#   Increase physical memory or swap space
#   Check if swap backing store is full
#   Decrease Java heap size (-Xmx/-Xms)
#   Decrease number of Java threads
#   Decrease Java thread stack sizes (-Xss)
#   Set larger code cache with -XX:ReservedCodeCacheSize=
#   JVM is running with Unscaled Compressed Oops mode in which the Java heap is
#     placed in the first 4GB address space. The Java Heap base address is the
#     maximum limit for the native heap growth. Please use -XX:HeapBaseMinAddress
#     to set the Java Heap base and to place the Java Heap above 4GB virtual address.
# This output file may be truncated or incomplete.
#
#  Out of Memory Error (allocation.cpp:44), pid=47140, tid=64368
#
# JRE version:  (17.0.13+11) (build )
# Java VM: OpenJDK 64-Bit Server VM (17.0.13+11, mixed mode, tiered, compressed oops, compressed class ptrs, parallel gc, windows-amd64)
# No core dump will be written. Minidumps are not enabled by default on client versions of Windows
#

---------------  S U M M A R Y ------------

Command Line: --add-modules=ALL-SYSTEM --add-opens=java.base/java.util=ALL-UNNAMED --add-opens=java.base/java.lang=ALL-UNNAMED --add-opens=java.base/sun.nio.fs=ALL-UNNAMED -Declipse.application=org.eclipse.jdt.ls.core.id1 -Dosgi.bundles.defaultStartLevel=4 -Declipse.product=org.eclipse.jdt.ls.core.product -Djava.import.generatesMetadataFilesAtProjectRoot=false -DDetectVMInstallationsJob.disabled=true -Dfile.encoding=utf8 -XX:+UseParallelGC -XX:GCTimeRatio=4 -XX:AdaptiveSizePolicyWeight=90 -Dsun.zip.disableMemoryMapping=true -Xmx1G -Xms100m -Xlog:disable -javaagent:c:\Users\VAISHNAVI.M\.vscode\extensions\redhat.java-1.36.0-win32-x64\lombok\lombok-1.18.35.jar c:\Users\VAISHNAVI.M\.vscode\extensions\redhat.java-1.36.0-win32-x64\server\plugins\org.eclipse.equinox.launcher_1.6.900.v20240613-2009.jar -configuration c:\Users\VAISHNAVI.M\AppData\Roaming\Code\User\globalStorage\redhat.java\1.36.0\config_ss_win -data c:\Users\VAISHNAVI.M\AppData\Roaming\Code\User\workspaceStorage\d342843e1f9b2e5887c2bebb3dbdd1ed\redhat.java\ss_ws --pipe=\\.\pipe\lsp-c0465f20b74b3f1f458224255649a0d1-sock

Host: 13th Gen Intel(R) Core(TM) i5-1335U, 12 cores, 7G,  Windows 11 , 64 bit Build 22621 (10.0.22621.3958)
Time: Sun Nov 17 23:49:36 2024 India Standard Time elapsed time: 0.189380 seconds (0d 0h 0m 0s)

---------------  T H R E A D  ---------------

Current thread (0x000002106479c750):  JavaThread "Unknown thread" [_thread_in_vm, id=64368, stack(0x000000a9dd600000,0x000000a9dd700000)]

Stack: [0x000000a9dd600000,0x000000a9dd700000]
Native frames: (J=compiled Java code, j=interpreted, Vv=VM code, C=native code)
V  [jvm.dll+0x682a19]
V  [jvm.dll+0x839538]
V  [jvm.dll+0x83afe3]
V  [jvm.dll+0x83b653]
V  [jvm.dll+0x24704f]
V  [jvm.dll+0xa7543]
V  [jvm.dll+0x6bfbe3]
V  [jvm.dll+0x6c075f]
V  [jvm.dll+0x68f248]
V  [jvm.dll+0x80bb63]
V  [jvm.dll+0x36b514]
V  [jvm.dll+0x7e9e3f]
V  [jvm.dll+0x3f1d7f]
V  [jvm.dll+0x3f38b1]
C  [jli.dll+0x5278]
C  [ucrtbase.dll+0x29333]
C  [KERNEL32.DLL+0x1257d]
C  [ntdll.dll+0x5af08]


---------------  P R O C E S S  ---------------

Threads class SMR info:
_java_thread_list=0x00007fff82467f58, length=0, elements={
}

Java Threads: ( => current thread )

Other Threads:
  0x00000210647b1dc0 GCTaskThread "GC Thread#0" [stack: 0x000000a9dd700000,0x000000a9dd800000] [id=91292]

=>0x000002106479c750 (exited) JavaThread "Unknown thread" [_thread_in_vm, id=64368, stack(0x000000a9dd600000,0x000000a9dd700000)]

Threads with active compile tasks:

VM state: not at safepoint (normal execution)

VM Mutex/Monitor currently owned by a thread: None

Heap address: 0x00000000c0000000, size: 1024 MB, Compressed Oops mode: 32-bit

CDS archive(s) not mapped
Compressed class space mapped at: 0x0000000100000000-0x0000000140000000, reserved size: 1073741824
Narrow klass base: 0x0000000000000000, Narrow klass shift: 3, Narrow klass range: 0x140000000

GC Precious Log:
 CPUs: 12 total, 12 available
 Memory: 7835M
 Large Page Support: Disabled
 NUMA Support: Disabled
 Compressed Oops: Enabled (32-bit)
 Alignments: Space 512K, Generation 512K, Heap 2M
 Heap Min Capacity: 100M
 Heap Initial Capacity: 100M
 Heap Max Capacity: 1G
 Pre-touch: Disabled
 Parallel Workers: 10

Heap:
 PSYoungGen      total 29696K, used 512K [0x00000000eab00000, 0x00000000ecc00000, 0x0000000100000000)
  eden space 25600K, 2% used [0x00000000eab00000,0x00000000eab80070,0x00000000ec400000)
  from space 4096K, 0% used [0x00000000ec800000,0x00000000ec800000,0x00000000ecc00000)
  to   space 4096K, 0% used [0x00000000ec400000,0x00000000ec400000,0x00000000ec800000)
 ParOldGen       total 68608K, used 0K [0x00000000c0000000, 0x00000000c4300000, 0x00000000eab00000)
  object space 68608K, 0% used [0x00000000c0000000,0x00000000c0000000,0x00000000c4300000)
 Metaspace       used 1149K, committed 1216K, reserved 1114112K
  class space    used 101K, committed 128K, reserved 1048576K

Card table byte_map: [0x0000021064160000,0x0000021064370000] _byte_map_base: 0x0000021063b60000

Marking Bits: (ParMarkBitMap*) 0x00007fff824d6940
 Begin Bits: [0x0000021076430000, 0x0000021077430000)
 End Bits:   [0x0000021077430000, 0x0000021078430000)

Polling page: 0x0000021063f50000

Metaspace:

Usage:
  Non-class:      1.02 MB used.
      Class:    101.05 KB used.
       Both:      1.12 MB used.

Virtual space:
  Non-class space:       64.00 MB reserved,       1.06 MB (  2%) committed,  1 nodes.
      Class space:        1.00 GB reserved,     128.00 KB ( <1%) committed,  1 nodes.
             Both:        1.06 GB reserved,       1.19 MB ( <1%) committed. 

Chunk freelists:
   Non-Class:  12.00 MB
       Class:  15.75 MB
        Both:  27.75 MB

MaxMetaspaceSize: unlimited
CompressedClassSpaceSize: 1.00 GB
Initial GC threshold: 21.00 MB
Current GC threshold: 17179869184.00 GB
CDS: off
MetaspaceReclaimPolicy: balanced
 - commit_granule_bytes: 65536.
 - commit_granule_words: 8192.
 - virtual_space_node_default_size: 8388608.
 - enlarge_chunks_in_place: 1.
 - new_chunks_are_fully_committed: 0.
 - uncommit_free_chunks: 1.
 - use_allocation_guard: 0.
 - handle_deallocations: 1.


Internal statistics:

num_allocs_failed_limit: 0.
num_arena_births: 2.
num_arena_deaths: 0.
num_vsnodes_births: 2.
num_vsnodes_deaths: 0.
num_space_committed: 19.
num_space_uncommitted: 0.
num_chunks_returned_to_freelist: 0.
num_chunks_taken_from_freelist: 3.
num_chunk_merges: 0.
num_chunk_splits: 2.
num_chunks_enlarged: 0.
num_inconsistent_stats: 0.

CodeHeap 'non-profiled nmethods': size=120000Kb used=0Kb max_used=0Kb free=120000Kb
 bounds [0x000002106ef00000, 0x000002106f170000, 0x0000021076430000]
CodeHeap 'profiled nmethods': size=120000Kb used=0Kb max_used=0Kb free=120000Kb
 bounds [0x0000021067430000, 0x00000210676a0000, 0x000002106e960000]
CodeHeap 'non-nmethods': size=5760Kb used=202Kb max_used=353Kb free=5557Kb
 bounds [0x000002106e960000, 0x000002106ebd0000, 0x000002106ef00000]
 total_blobs=66 nmethods=0 adapters=47
 compilation: enabled
              stopped_count=0, restarted_count=0
 full_count=0

Compilation events (0 events):
No events

GC Heap History (0 events):
No events

Dll operation events (1 events):
Event: 0.086 Loaded shared library c:\Users\VAISHNAVI.M\.vscode\extensions\redhat.java-1.36.0-win32-x64\jre\17.0.13-win32-x86_64\bin\java.dll

Deoptimization events (0 events):
No events

Classes loaded (20 events):
Event: 0.180 Loading class java/lang/Long
Event: 0.180 Loading class java/lang/Long done
Event: 0.180 Loading class java/util/Iterator
Event: 0.180 Loading class java/util/Iterator done
Event: 0.180 Loading class java/lang/reflect/RecordComponent
Event: 0.180 Loading class java/lang/reflect/RecordComponent done
Event: 0.180 Loading class jdk/internal/vm/vector/VectorSupport
Event: 0.181 Loading class jdk/internal/vm/vector/VectorSupport done
Event: 0.181 Loading class jdk/internal/vm/vector/VectorSupport$VectorPayload
Event: 0.181 Loading class jdk/internal/vm/vector/VectorSupport$VectorPayload done
Event: 0.181 Loading class jdk/internal/vm/vector/VectorSupport$Vector
Event: 0.181 Loading class jdk/internal/vm/vector/VectorSupport$Vector done
Event: 0.181 Loading class jdk/internal/vm/vector/VectorSupport$VectorMask
Event: 0.181 Loading class jdk/internal/vm/vector/VectorSupport$VectorMask done
Event: 0.181 Loading class jdk/internal/vm/vector/VectorSupport$VectorShuffle
Event: 0.181 Loading class jdk/internal/vm/vector/VectorSupport$VectorShuffle done
Event: 0.184 Loading class java/lang/NullPointerException
Event: 0.184 Loading class java/lang/NullPointerException done
Event: 0.184 Loading class java/lang/ArithmeticException
Event: 0.184 Loading class java/lang/ArithmeticException done

Classes unloaded (0 events):
No events

Classes redefined (0 events):
No events

Internal exceptions (0 events):
No events

VM Operations (0 events):
No events

Memory protections (0 events):
No events

Nmethod flushes (0 events):
No events

Events (0 events):
No events


Dynamic libraries:
0x00007ff719c00000 - 0x00007ff719c0e000 	c:\Users\VAISHNAVI.M\.vscode\extensions\redhat.java-1.36.0-win32-x64\jre\17.0.13-win32-x86_64\bin\java.exe
0x00007ff806ab0000 - 0x00007ff806cc7000 	C:\WINDOWS\SYSTEM32\ntdll.dll
0x00007ff805230000 - 0x00007ff8052f4000 	C:\WINDOWS\System32\KERNEL32.DLL
0x00007ff803dc0000 - 0x00007ff804177000 	C:\WINDOWS\System32\KERNELBASE.dll
0x00007ff804690000 - 0x00007ff8047a1000 	C:\WINDOWS\System32\ucrtbase.dll
0x00007fffff460000 - 0x00007fffff477000 	c:\Users\VAISHNAVI.M\.vscode\extensions\redhat.java-1.36.0-win32-x64\jre\17.0.13-win32-x86_64\bin\jli.dll
0x00007ff805e80000 - 0x00007ff80602f000 	C:\WINDOWS\System32\USER32.dll
0x00007ff804420000 - 0x00007ff804446000 	C:\WINDOWS\System32\win32u.dll
0x00007ff805300000 - 0x00007ff805329000 	C:\WINDOWS\System32\GDI32.dll
0x00007ff804570000 - 0x00007ff804688000 	C:\WINDOWS\System32\gdi32full.dll
0x00007ff804450000 - 0x00007ff8044ea000 	C:\WINDOWS\System32\msvcp_win.dll
0x00007ff8030e0000 - 0x00007ff803373000 	C:\WINDOWS\WinSxS\amd64_microsoft.windows.common-controls_6595b64144ccf1df_6.0.22621.3672_none_2713b9d173822955\COMCTL32.dll
0x00007ff805500000 - 0x00007ff8055a7000 	C:\WINDOWS\System32\msvcrt.dll
0x00007fffe0830000 - 0x00007fffe084e000 	c:\Users\VAISHNAVI.M\.vscode\extensions\redhat.java-1.36.0-win32-x64\jre\17.0.13-win32-x86_64\bin\VCRUNTIME140.dll
0x00007ff8048e0000 - 0x00007ff804911000 	C:\WINDOWS\System32\IMM32.DLL
0x00007ffffe480000 - 0x00007ffffe48c000 	c:\Users\VAISHNAVI.M\.vscode\extensions\redhat.java-1.36.0-win32-x64\jre\17.0.13-win32-x86_64\bin\vcruntime140_1.dll
0x00007fffbe360000 - 0x00007fffbe3ed000 	c:\Users\VAISHNAVI.M\.vscode\extensions\redhat.java-1.36.0-win32-x64\jre\17.0.13-win32-x86_64\bin\msvcp140.dll
0x00007fff81930000 - 0x00007fff8259b000 	c:\Users\VAISHNAVI.M\.vscode\extensions\redhat.java-1.36.0-win32-x64\jre\17.0.13-win32-x86_64\bin\server\jvm.dll
0x00007ff8068b0000 - 0x00007ff806962000 	C:\WINDOWS\System32\ADVAPI32.dll
0x00007ff805450000 - 0x00007ff8054f8000 	C:\WINDOWS\System32\sechost.dll
0x00007ff8047b0000 - 0x00007ff8047d8000 	C:\WINDOWS\System32\bcrypt.dll
0x00007ff804920000 - 0x00007ff804a34000 	C:\WINDOWS\System32\RPCRT4.dll
0x00007ff804a40000 - 0x00007ff804ab1000 	C:\WINDOWS\System32\WS2_32.dll
0x00007ff803c90000 - 0x00007ff803cdd000 	C:\WINDOWS\SYSTEM32\POWRPROF.dll
0x00007ffff9f60000 - 0x00007ffff9f94000 	C:\WINDOWS\SYSTEM32\WINMM.dll
0x00007ffff4660000 - 0x00007ffff466a000 	C:\WINDOWS\SYSTEM32\VERSION.dll
0x00007ff803bc0000 - 0x00007ff803bd3000 	C:\WINDOWS\SYSTEM32\UMPDC.dll
0x00007ff802720000 - 0x00007ff802738000 	C:\WINDOWS\SYSTEM32\kernel.appcore.dll
0x00007ffffa6c0000 - 0x00007ffffa6ca000 	c:\Users\VAISHNAVI.M\.vscode\extensions\redhat.java-1.36.0-win32-x64\jre\17.0.13-win32-x86_64\bin\jimage.dll
0x00007ff803630000 - 0x00007ff803862000 	C:\WINDOWS\SYSTEM32\DBGHELP.DLL
0x00007ff805af0000 - 0x00007ff805e7e000 	C:\WINDOWS\System32\combase.dll
0x00007ff805800000 - 0x00007ff8058d7000 	C:\WINDOWS\System32\OLEAUT32.dll
0x00007ff803520000 - 0x00007ff803552000 	C:\WINDOWS\SYSTEM32\dbgcore.DLL
0x00007ff8044f0000 - 0x00007ff80456b000 	C:\WINDOWS\System32\bcryptPrimitives.dll
0x00007ffff9070000 - 0x00007ffff907e000 	c:\Users\VAISHNAVI.M\.vscode\extensions\redhat.java-1.36.0-win32-x64\jre\17.0.13-win32-x86_64\bin\instrument.dll
0x00007fffd6d90000 - 0x00007fffd6db5000 	c:\Users\VAISHNAVI.M\.vscode\extensions\redhat.java-1.36.0-win32-x64\jre\17.0.13-win32-x86_64\bin\java.dll
0x00007fffdc670000 - 0x00007fffdc688000 	c:\Users\VAISHNAVI.M\.vscode\extensions\redhat.java-1.36.0-win32-x64\jre\17.0.13-win32-x86_64\bin\zip.dll

dbghelp: loaded successfully - version: 4.0.5 - missing functions: none
symbol engine: initialized successfully - sym options: 0x614 - pdb path: .;c:\Users\VAISHNAVI.M\.vscode\extensions\redhat.java-1.36.0-win32-x64\jre\17.0.13-win32-x86_64\bin;C:\WINDOWS\SYSTEM32;C:\WINDOWS\WinSxS\amd64_microsoft.windows.common-controls_6595b64144ccf1df_6.0.22621.3672_none_2713b9d173822955;c:\Users\VAISHNAVI.M\.vscode\extensions\redhat.java-1.36.0-win32-x64\jre\17.0.13-win32-x86_64\bin\server

VM Arguments:
jvm_args: --add-modules=ALL-SYSTEM --add-opens=java.base/java.util=ALL-UNNAMED --add-opens=java.base/java.lang=ALL-UNNAMED --add-opens=java.base/sun.nio.fs=ALL-UNNAMED -Declipse.application=org.eclipse.jdt.ls.core.id1 -Dosgi.bundles.defaultStartLevel=4 -Declipse.product=org.eclipse.jdt.ls.core.product -Djava.import.generatesMetadataFilesAtProjectRoot=false -DDetectVMInstallationsJob.disabled=true -Dfile.encoding=utf8 -XX:+UseParallelGC -XX:GCTimeRatio=4 -XX:AdaptiveSizePolicyWeight=90 -Dsun.zip.disableMemoryMapping=true -Xmx1G -Xms100m -Xlog:disable -javaagent:c:\Users\VAISHNAVI.M\.vscode\extensions\redhat.java-1.36.0-win32-x64\lombok\lombok-1.18.35.jar 
java_command: c:\Users\VAISHNAVI.M\.vscode\extensions\redhat.java-1.36.0-win32-x64\server\plugins\org.eclipse.equinox.launcher_1.6.900.v20240613-2009.jar -configuration c:\Users\VAISHNAVI.M\AppData\Roaming\Code\User\globalStorage\redhat.java\1.36.0\config_ss_win -data c:\Users\VAISHNAVI.M\AppData\Roaming\Code\User\workspaceStorage\d342843e1f9b2e5887c2bebb3dbdd1ed\redhat.java\ss_ws --pipe=\\.\pipe\lsp-c0465f20b74b3f1f458224255649a0d1-sock
java_class_path (initial): c:\Users\VAISHNAVI.M\.vscode\extensions\redhat.java-1.36.0-win32-x64\server\plugins\org.eclipse.equinox.launcher_1.6.900.v20240613-2009.jar
Launcher Type: SUN_STANDARD

[Global flags]
    uintx AdaptiveSizePolicyWeight                 = 90                                        {product} {command line}
     intx CICompilerCount                          = 4                                         {product} {ergonomic}
    uintx GCTimeRatio                              = 4                                         {product} {command line}
   size_t InitialHeapSize                          = 104857600                                 {product} {command line}
   size_t MaxHeapSize                              = 1073741824                                {product} {command line}
   size_t MaxNewSize                               = 357564416                                 {product} {ergonomic}
   size_t MinHeapDeltaBytes                        = 524288                                    {product} {ergonomic}
   size_t MinHeapSize                              = 104857600                                 {product} {command line}
   size_t NewSize                                  = 34603008                                  {product} {ergonomic}
    uintx NonNMethodCodeHeapSize                   = 5839372                                {pd product} {ergonomic}
    uintx NonProfiledCodeHeapSize                  = 122909434                              {pd product} {ergonomic}
   size_t OldSize                                  = 70254592                                  {product} {ergonomic}
    uintx ProfiledCodeHeapSize                     = 122909434                              {pd product} {ergonomic}
    uintx ReservedCodeCacheSize                    = 251658240                              {pd product} {ergonomic}
     bool SegmentedCodeCache                       = true                                      {product} {ergonomic}
   size_t SoftMaxHeapSize                          = 1073741824                             {manageable} {ergonomic}
     bool UseCompressedClassPointers               = true                           {product lp64_product} {ergonomic}
     bool UseCompressedOops                        = true                           {product lp64_product} {ergonomic}
     bool UseLargePagesIndividualAllocation        = false                                  {pd product} {ergonomic}
     bool UseParallelGC                            = true                                      {product} {command line}

Logging:
Log output configuration:
 #0: stdout all=off uptime,level,tags
 #1: stderr all=off uptime,level,tags

Environment Variables:
JAVA_HOME=C:\Program Files\Java\jdk-17
PATH=C:\Program Files\Common Files\Oracle\Java\javapath;C:\ProgramData\Oracle\Java\javapath;C:\WINDOWS\system32;C:\WINDOWS;C:\WINDOWS\System32\Wbem;C:\WINDOWS\System32\WindowsPowerShell\v1.0\;C:\WINDOWS\System32\OpenSSH\;C:\Program Files\Azure Data Studio\bin;D:\NodeJS\;C:\xampp\php;C:\Program Files\Git\cmd;F:\ngrok;;C:\Program Files\Docker\Docker\resources\bin;C:\Users\VAISHNAVI.M\AppData\Local\Programs\Python\Launcher\;C:\Users\VAISHNAVI.M\AppData\Local\Microsoft\WindowsApps;C:\Users\VAISHNAVI.M\AppData\Local\Programs\Microsoft VS Code\bin;C:\Program Files\Azure Data Studio\bin;C:\Users\VAISHNAVI.M\AppData\Roaming\npm;C:\Users\VAISHNAVI.M\AppData\Local\GitHubDesktop\bin;C:\Program Files\Java\jdk-17\bin;
USERNAME=VAISHNAVI.M
OS=Windows_NT
PROCESSOR_IDENTIFIER=Intel64 Family 6 Model 186 Stepping 3, GenuineIntel
TMP=C:\Users\VAISHN~1.M\AppData\Local\Temp
TEMP=C:\Users\VAISHN~1.M\AppData\Local\Temp



Periodic native trim disabled


---------------  S Y S T E M  ---------------

OS:
 Windows 11 , 64 bit Build 22621 (10.0.22621.3958)
OS uptime: 24 days 16:14 hours
Hyper-V role detected

CPU: total 12 (initial active 12) (6 cores per cpu, 2 threads per core) family 6 model 186 stepping 3 microcode 0x4121, cx8, cmov, fxsr, ht, mmx, 3dnowpref, sse, sse2, sse3, ssse3, sse4.1, sse4.2, popcnt, lzcnt, tsc, tscinvbit, avx, avx2, aes, erms, clmul, bmi1, bmi2, adx, sha, fma, vzeroupper, clflush, clflushopt, clwb, hv
Processor Information for processor 0
  Max Mhz: 1300, Current Mhz: 1300, Mhz Limit: 1300
Processor Information for processor 1
  Max Mhz: 1300, Current Mhz: 1300, Mhz Limit: 1300
Processor Information for processor 2
  Max Mhz: 1300, Current Mhz: 1300, Mhz Limit: 1300
Processor Information for processor 3
  Max Mhz: 1300, Current Mhz: 1300, Mhz Limit: 1300
Processor Information for processor 4
  Max Mhz: 1300, Current Mhz: 900, Mhz Limit: 897
Processor Information for processor 5
  Max Mhz: 1300, Current Mhz: 900, Mhz Limit: 897
Processor Information for processor 6
  Max Mhz: 1300, Current Mhz: 900, Mhz Limit: 897
Processor Information for processor 7
  Max Mhz: 1300, Current Mhz: 900, Mhz Limit: 897
Processor Information for processor 8
  Max Mhz: 1300, Current Mhz: 900, Mhz Limit: 897
Processor Information for processor 9
  Max Mhz: 1300, Current Mhz: 900, Mhz Limit: 897
Processor Information for processor 10
  Max Mhz: 1300, Current Mhz: 900, Mhz Limit: 897
Processor Information for processor 11
  Max Mhz: 1300, Current Mhz: 900, Mhz Limit: 897

Memory: 4k page, system-wide physical 7835M (144M free)
TotalPageFile size 25492M (AvailPageFile size 0M)
current process WorkingSet (physical memory assigned to process): 16M, peak: 16M
current process commit charge ("private bytes"): 172M, peak: 173M

vm_info: OpenJDK 64-Bit Server VM (17.0.13+11) for windows-amd64 JRE (17.0.13+11), built on Oct 16 2024 00:10:08 by "admin" with MS VC++ 17.7 (VS2022)

END.
