#
# There is insufficient memory for the Java Runtime Environment to continue.
# Native memory allocation (malloc) failed to allocate 1566576 bytes. Error detail: Chunk::new
# Possible reasons:
#   The system is out of physical RAM or swap space
#   This process is running with CompressedOops enabled, and the Java Heap may be blocking the growth of the native heap
# Possible solutions:
#   Reduce memory load on the system
#   Increase physical memory or swap space
#   Check if swap backing store is full
#   Decrease Java heap size (-Xmx/-Xms)
#   Decrease number of Java threads
#   Decrease Java thread stack sizes (-Xss)
#   Set larger code cache with -XX:ReservedCodeCacheSize=
#   JVM is running with Unscaled Compressed Oops mode in which the Java heap is
#     placed in the first 4GB address space. The Java Heap base address is the
#     maximum limit for the native heap growth. Please use -XX:HeapBaseMinAddress
#     to set the Java Heap base and to place the Java Heap above 4GB virtual address.
# This output file may be truncated or incomplete.
#
#  Out of Memory Error (arena.cpp:191), pid=111532, tid=109972
#
# JRE version: OpenJDK Runtime Environment Temurin-17.0.13+11 (17.0.13+11) (build 17.0.13+11)
# Java VM: OpenJDK 64-Bit Server VM Temurin-17.0.13+11 (17.0.13+11, mixed mode, tiered, compressed oops, compressed class ptrs, parallel gc, windows-amd64)
# No core dump will be written. Minidumps are not enabled by default on client versions of Windows
#

---------------  S U M M A R Y ------------

Command Line: --add-modules=ALL-SYSTEM --add-opens=java.base/java.util=ALL-UNNAMED --add-opens=java.base/java.lang=ALL-UNNAMED --add-opens=java.base/sun.nio.fs=ALL-UNNAMED -Declipse.application=org.eclipse.jdt.ls.core.id1 -Dosgi.bundles.defaultStartLevel=4 -Declipse.product=org.eclipse.jdt.ls.core.product -Djava.import.generatesMetadataFilesAtProjectRoot=false -DDetectVMInstallationsJob.disabled=true -Dfile.encoding=utf8 -XX:+UseParallelGC -XX:GCTimeRatio=4 -XX:AdaptiveSizePolicyWeight=90 -Dsun.zip.disableMemoryMapping=true -Xmx1G -Xms100m -Xlog:disable -javaagent:c:\Users\VAISHNAVI.M\.vscode\extensions\redhat.java-1.36.0-win32-x64\lombok\lombok-1.18.35.jar -XX:+HeapDumpOnOutOfMemoryError -XX:HeapDumpPath=c:\Users\VAISHNAVI.M\AppData\Roaming\Code\User\workspaceStorage\d342843e1f9b2e5887c2bebb3dbdd1ed\redhat.java -Daether.dependencyCollector.impl=bf c:\Users\VAISHNAVI.M\.vscode\extensions\redhat.java-1.36.0-win32-x64\server\plugins\org.eclipse.equinox.launcher_1.6.900.v20240613-2009.jar -configuration c:\Users\VAISHNAVI.M\AppData\Roaming\Code\User\globalStorage\redhat.java\1.36.0\config_win -data c:\Users\VAISHNAVI.M\AppData\Roaming\Code\User\workspaceStorage\d342843e1f9b2e5887c2bebb3dbdd1ed\redhat.java\jdt_ws --pipe=\\.\pipe\lsp-2a35970ba344d124c68399c834ff1823-sock

Host: 13th Gen Intel(R) Core(TM) i5-1335U, 12 cores, 7G,  Windows 11 , 64 bit Build 22621 (10.0.22621.3958)
Time: Sun Nov 17 23:51:19 2024 India Standard Time elapsed time: 39.771248 seconds (0d 0h 0m 39s)

---------------  T H R E A D  ---------------

Current thread (0x000001eb7ebca540):  JavaThread "C2 CompilerThread0" daemon [_thread_in_native, id=109972, stack(0x0000009596d00000,0x0000009596e00000)]


Current CompileTask:
C2:  39771 9581       4       org.eclipse.jdt.internal.compiler.parser.Parser::consumeRule (7904 bytes)

Stack: [0x0000009596d00000,0x0000009596e00000]
Native frames: (J=compiled Java code, j=interpreted, Vv=VM code, C=native code)
V  [jvm.dll+0x682a19]
V  [jvm.dll+0x839538]
V  [jvm.dll+0x83afe3]
V  [jvm.dll+0x83b653]
V  [jvm.dll+0x24704f]
V  [jvm.dll+0xace34]
V  [jvm.dll+0xad4cc]
V  [jvm.dll+0x36592f]
V  [jvm.dll+0x32fbd8]
V  [jvm.dll+0x32f05a]
V  [jvm.dll+0x21804f]
V  [jvm.dll+0x21748f]
V  [jvm.dll+0x1a3070]
V  [jvm.dll+0x22788c]
V  [jvm.dll+0x2259eb]
V  [jvm.dll+0x7eec98]
V  [jvm.dll+0x7e8ffc]
V  [jvm.dll+0x6818f7]
C  [ucrtbase.dll+0x29333]
C  [KERNEL32.DLL+0x1257d]
C  [ntdll.dll+0x5af08]


---------------  P R O C E S S  ---------------

Threads class SMR info:
_java_thread_list=0x000001eb154f1e00, length=65, elements={
0x000001eb78a6d320, 0x000001eb7d8fbc80, 0x000001eb7d8fcfe0, 0x000001eb7ebc3320,
0x000001eb7ebc3df0, 0x000001eb7ebc5060, 0x000001eb7ebc7940, 0x000001eb7ebca540,
0x000001eb7ebd0bb0, 0x000001eb7ebd1c60, 0x000001eb7ed50ac0, 0x000001eb7ef17910,
0x000001eb13886b30, 0x000001eb13c40750, 0x000001eb13c7bba0, 0x000001eb13581db0,
0x000001eb14113670, 0x000001eb13e8c880, 0x000001eb13e8aa20, 0x000001eb13e8c370,
0x000001eb13e8a510, 0x000001eb13e8cd90, 0x000001eb13e8d2a0, 0x000001eb13e8b440,
0x000001eb13e8d7b0, 0x000001eb13e8b950, 0x000001eb13e8be60, 0x000001eb164f8d30,
0x000001eb164f7e00, 0x000001eb164f9750, 0x000001eb164fa170, 0x000001eb164ff780,
0x000001eb164f9c60, 0x000001eb164fab90, 0x000001eb164f8310, 0x000001eb164fd410,
0x000001eb164f8820, 0x000001eb164fa680, 0x000001eb164fbac0, 0x000001eb164f9240,
0x000001eb164fe850, 0x000001eb164fb0a0, 0x000001eb164fbfd0, 0x000001eb164fc4e0,
0x000001eb164fc9f0, 0x000001eb164fcf00, 0x000001eb164fd920, 0x000001eb164ff270,
0x000001eb164fde30, 0x000001eb164fed60, 0x000001eb13e8a000, 0x000001eb16ac4190,
0x000001eb16abffc0, 0x000001eb16ac2d50, 0x000001eb16ac50c0, 0x000001eb16ac04d0,
0x000001eb16ac3c80, 0x000001eb16ac1910, 0x000001eb16ac1400, 0x000001eb16ac6500,
0x000001eb16ac7940, 0x000001eb16ac3260, 0x000001eb16ac55d0, 0x000001eb16ac6f20,
0x000001eb16ac2330
}

Java Threads: ( => current thread )
  0x000001eb78a6d320 JavaThread "main" [_thread_blocked, id=117480, stack(0x0000009596400000,0x0000009596500000)]
  0x000001eb7d8fbc80 JavaThread "Reference Handler" daemon [_thread_blocked, id=91236, stack(0x0000009596700000,0x0000009596800000)]
  0x000001eb7d8fcfe0 JavaThread "Finalizer" daemon [_thread_blocked, id=107596, stack(0x0000009596800000,0x0000009596900000)]
  0x000001eb7ebc3320 JavaThread "Signal Dispatcher" daemon [_thread_blocked, id=107636, stack(0x0000009596900000,0x0000009596a00000)]
  0x000001eb7ebc3df0 JavaThread "Attach Listener" daemon [_thread_blocked, id=117476, stack(0x0000009596a00000,0x0000009596b00000)]
  0x000001eb7ebc5060 JavaThread "Service Thread" daemon [_thread_blocked, id=113464, stack(0x0000009596b00000,0x0000009596c00000)]
  0x000001eb7ebc7940 JavaThread "Monitor Deflation Thread" daemon [_thread_blocked, id=112456, stack(0x0000009596c00000,0x0000009596d00000)]
=>0x000001eb7ebca540 JavaThread "C2 CompilerThread0" daemon [_thread_in_native, id=109972, stack(0x0000009596d00000,0x0000009596e00000)]
  0x000001eb7ebd0bb0 JavaThread "C1 CompilerThread0" daemon [_thread_blocked, id=117164, stack(0x0000009596e00000,0x0000009596f00000)]
  0x000001eb7ebd1c60 JavaThread "Sweeper thread" daemon [_thread_blocked, id=72752, stack(0x0000009596f00000,0x0000009597000000)]
  0x000001eb7ed50ac0 JavaThread "Common-Cleaner" daemon [_thread_blocked, id=116036, stack(0x0000009597000000,0x0000009597100000)]
  0x000001eb7ef17910 JavaThread "Notification Thread" daemon [_thread_blocked, id=103036, stack(0x0000009597200000,0x0000009597300000)]
  0x000001eb13886b30 JavaThread "Active Thread: Equinox Container: cdaf817e-3a76-4410-80f8-6db56346ec5a" [_thread_blocked, id=112280, stack(0x0000009597b00000,0x0000009597c00000)]
  0x000001eb13c40750 JavaThread "Refresh Thread: Equinox Container: cdaf817e-3a76-4410-80f8-6db56346ec5a" daemon [_thread_blocked, id=117348, stack(0x0000009597c00000,0x0000009597d00000)]
  0x000001eb13c7bba0 JavaThread "Framework Event Dispatcher: Equinox Container: cdaf817e-3a76-4410-80f8-6db56346ec5a" daemon [_thread_blocked, id=115536, stack(0x0000009597d00000,0x0000009597e00000)]
  0x000001eb13581db0 JavaThread "Start Level: Equinox Container: cdaf817e-3a76-4410-80f8-6db56346ec5a" daemon [_thread_blocked, id=115080, stack(0x0000009597e00000,0x0000009597f00000)]
  0x000001eb14113670 JavaThread "Bundle File Closer" daemon [_thread_blocked, id=102028, stack(0x0000009598000000,0x0000009598100000)]
  0x000001eb13e8c880 JavaThread "SCR Component Actor" daemon [_thread_blocked, id=109820, stack(0x0000009598300000,0x0000009598400000)]
  0x000001eb13e8aa20 JavaThread "Worker-JM" [_thread_blocked, id=115500, stack(0x0000009598500000,0x0000009598600000)]
  0x000001eb13e8c370 JavaThread "JNA Cleaner" daemon [_thread_blocked, id=108064, stack(0x0000009597100000,0x0000009597200000)]
  0x000001eb13e8a510 JavaThread "Worker-0" [_thread_blocked, id=104108, stack(0x0000009597400000,0x0000009597500000)]
  0x000001eb13e8cd90 JavaThread "Worker-1" [_thread_blocked, id=104800, stack(0x0000009598600000,0x0000009598700000)]
  0x000001eb13e8d2a0 JavaThread "Java indexing" daemon [_thread_blocked, id=102868, stack(0x0000009598900000,0x0000009598a00000)]
  0x000001eb13e8b440 JavaThread "Thread-2" daemon [_thread_in_native, id=110128, stack(0x0000009598a00000,0x0000009598b00000)]
  0x000001eb13e8d7b0 JavaThread "Thread-3" daemon [_thread_in_native, id=117132, stack(0x0000009598b00000,0x0000009598c00000)]
  0x000001eb13e8b950 JavaThread "Thread-4" daemon [_thread_in_native, id=116196, stack(0x0000009598c00000,0x0000009598d00000)]
  0x000001eb13e8be60 JavaThread "Thread-5" daemon [_thread_in_native, id=70864, stack(0x0000009598d00000,0x0000009598e00000)]
  0x000001eb164f8d30 JavaThread "Thread-6" daemon [_thread_in_native, id=92648, stack(0x0000009598e00000,0x0000009598f00000)]
  0x000001eb164f7e00 JavaThread "Thread-7" daemon [_thread_in_native, id=114144, stack(0x0000009598f00000,0x0000009599000000)]
  0x000001eb164f9750 JavaThread "Thread-8" daemon [_thread_in_native, id=116588, stack(0x0000009599000000,0x0000009599100000)]
  0x000001eb164fa170 JavaThread "Thread-9" daemon [_thread_in_native, id=116552, stack(0x0000009599100000,0x0000009599200000)]
  0x000001eb164ff780 JavaThread "Thread-10" daemon [_thread_in_native, id=96900, stack(0x0000009599200000,0x0000009599300000)]
  0x000001eb164f9c60 JavaThread "Thread-11" daemon [_thread_in_native, id=112468, stack(0x0000009599300000,0x0000009599400000)]
  0x000001eb164fab90 JavaThread "Thread-12" daemon [_thread_in_native, id=73068, stack(0x0000009599400000,0x0000009599500000)]
  0x000001eb164f8310 JavaThread "Thread-13" daemon [_thread_in_native, id=99108, stack(0x0000009599500000,0x0000009599600000)]
  0x000001eb164fd410 JavaThread "Thread-14" daemon [_thread_in_native, id=115392, stack(0x0000009599600000,0x0000009599700000)]
  0x000001eb164f8820 JavaThread "pool-2-thread-1" [_thread_blocked, id=117408, stack(0x0000009599700000,0x0000009599800000)]
  0x000001eb164fa680 JavaThread "Worker-2" [_thread_blocked, id=103268, stack(0x0000009599800000,0x0000009599900000)]
  0x000001eb164fbac0 JavaThread "WorkspaceEventsHandler" [_thread_blocked, id=93080, stack(0x0000009599900000,0x0000009599a00000)]
  0x000001eb164f9240 JavaThread "pool-1-thread-1" [_thread_in_Java, id=80364, stack(0x0000009599a00000,0x0000009599b00000)]
  0x000001eb164fe850 JavaThread "Worker-3" [_thread_blocked, id=114552, stack(0x0000009599b00000,0x0000009599c00000)]
  0x000001eb164fb0a0 JavaThread "Worker-4" [_thread_blocked, id=73324, stack(0x0000009599c00000,0x0000009599d00000)]
  0x000001eb164fbfd0 JavaThread "Compiler Source File Reader" daemon [_thread_blocked, id=78556, stack(0x0000009599d00000,0x0000009599e00000)]
  0x000001eb164fc4e0 JavaThread "Compiler Source File Reader" daemon [_thread_blocked, id=103176, stack(0x0000009599e00000,0x0000009599f00000)]
  0x000001eb164fc9f0 JavaThread "Compiler Source File Reader" daemon [_thread_blocked, id=98644, stack(0x0000009599f00000,0x000000959a000000)]
  0x000001eb164fcf00 JavaThread "Compiler Source File Reader" daemon [_thread_blocked, id=90220, stack(0x000000959a000000,0x000000959a100000)]
  0x000001eb164fd920 JavaThread "Compiler Source File Reader" daemon [_thread_blocked, id=116544, stack(0x000000959a100000,0x000000959a200000)]
  0x000001eb164ff270 JavaThread "Compiler Source File Reader" daemon [_thread_blocked, id=45400, stack(0x000000959a200000,0x000000959a300000)]
  0x000001eb164fde30 JavaThread "Compiler Source File Reader" daemon [_thread_blocked, id=86792, stack(0x000000959a300000,0x000000959a400000)]
  0x000001eb164fed60 JavaThread "Compiler Source File Reader" daemon [_thread_blocked, id=72868, stack(0x000000959a400000,0x000000959a500000)]
  0x000001eb13e8a000 JavaThread "Compiler Source File Reader" daemon [_thread_blocked, id=110524, stack(0x000000959a500000,0x000000959a600000)]
  0x000001eb16ac4190 JavaThread "Compiler Source File Reader" daemon [_thread_blocked, id=95756, stack(0x000000959a600000,0x000000959a700000)]
  0x000001eb16abffc0 JavaThread "Compiler Processing Task" daemon [_thread_blocked, id=100492, stack(0x000000959a700000,0x000000959a800000)]
  0x000001eb16ac2d50 JavaThread "Compiler Class File Writer" daemon [_thread_blocked, id=111136, stack(0x000000959a800000,0x000000959a900000)]
  0x000001eb16ac50c0 JavaThread "Worker-5" [_thread_blocked, id=102944, stack(0x000000959a900000,0x000000959aa00000)]
  0x000001eb16ac04d0 JavaThread "ForkJoinPool.commonPool-worker-1" daemon [_thread_blocked, id=94368, stack(0x000000959aa00000,0x000000959ab00000)]
  0x000001eb16ac3c80 JavaThread "ForkJoinPool.commonPool-worker-2" daemon [_thread_blocked, id=104852, stack(0x000000959ab00000,0x000000959ac00000)]
  0x000001eb16ac1910 JavaThread "ForkJoinPool.commonPool-worker-3" daemon [_thread_blocked, id=114528, stack(0x000000959ac00000,0x000000959ad00000)]
  0x000001eb16ac1400 JavaThread "ForkJoinPool.commonPool-worker-4" daemon [_thread_blocked, id=95516, stack(0x000000959ad00000,0x000000959ae00000)]
  0x000001eb16ac6500 JavaThread "ForkJoinPool.commonPool-worker-5" daemon [_thread_blocked, id=116048, stack(0x000000959ae00000,0x000000959af00000)]
  0x000001eb16ac7940 JavaThread "ForkJoinPool.commonPool-worker-6" daemon [_thread_blocked, id=57788, stack(0x000000959af00000,0x000000959b000000)]
  0x000001eb16ac3260 JavaThread "Worker-6" [_thread_blocked, id=116824, stack(0x000000959b000000,0x000000959b100000)]
  0x000001eb16ac55d0 JavaThread "ForkJoinPool.commonPool-worker-7" daemon [_thread_in_native, id=114900, stack(0x000000959b100000,0x000000959b200000)]
  0x000001eb16ac6f20 JavaThread "ForkJoinPool.commonPool-worker-8" daemon [_thread_blocked, id=117052, stack(0x0000009598800000,0x0000009598900000)]
  0x000001eb16ac2330 JavaThread "ForkJoinPool.commonPool-worker-9" daemon [_thread_blocked, id=752, stack(0x000000959b200000,0x000000959b300000)]

Other Threads:
  0x000001eb78b1ed00 VMThread "VM Thread" [stack: 0x0000009596600000,0x0000009596700000] [id=22428]
  0x000001eb7ef17df0 WatcherThread [stack: 0x0000009597300000,0x0000009597400000] [id=115528]
  0x000001eb78a82020 GCTaskThread "GC Thread#0" [stack: 0x0000009596500000,0x0000009596600000] [id=110844]
  0x000001eb13958f00 GCTaskThread "GC Thread#1" [stack: 0x0000009597500000,0x0000009597600000] [id=109580]
  0x000001eb13749050 GCTaskThread "GC Thread#2" [stack: 0x0000009597600000,0x0000009597700000] [id=81708]
  0x000001eb13749310 GCTaskThread "GC Thread#3" [stack: 0x0000009597700000,0x0000009597800000] [id=117084]
  0x000001eb137495d0 GCTaskThread "GC Thread#4" [stack: 0x0000009597800000,0x0000009597900000] [id=109028]
  0x000001eb137f1a50 GCTaskThread "GC Thread#5" [stack: 0x0000009597900000,0x0000009597a00000] [id=117464]
  0x000001eb137f1d10 GCTaskThread "GC Thread#6" [stack: 0x0000009597a00000,0x0000009597b00000] [id=70336]
  0x000001eb1358d2b0 GCTaskThread "GC Thread#7" [stack: 0x0000009597f00000,0x0000009598000000] [id=116700]
  0x000001eb13a44f70 GCTaskThread "GC Thread#8" [stack: 0x0000009598100000,0x0000009598200000] [id=100140]
  0x000001eb141ba3c0 GCTaskThread "GC Thread#9" [stack: 0x0000009598200000,0x0000009598300000] [id=45220]

Threads with active compile tasks:
C2 CompilerThread0    39890 9581       4       org.eclipse.jdt.internal.compiler.parser.Parser::consumeRule (7904 bytes)

VM state: not at safepoint (normal execution)

VM Mutex/Monitor currently owned by a thread: None

Heap address: 0x00000000c0000000, size: 1024 MB, Compressed Oops mode: 32-bit

CDS archive(s) not mapped
Compressed class space mapped at: 0x0000000100000000-0x0000000140000000, reserved size: 1073741824
Narrow klass base: 0x0000000000000000, Narrow klass shift: 3, Narrow klass range: 0x140000000

GC Precious Log:
 CPUs: 12 total, 12 available
 Memory: 7835M
 Large Page Support: Disabled
 NUMA Support: Disabled
 Compressed Oops: Enabled (32-bit)
 Alignments: Space 512K, Generation 512K, Heap 2M
 Heap Min Capacity: 100M
 Heap Initial Capacity: 100M
 Heap Max Capacity: 1G
 Pre-touch: Disabled
 Parallel Workers: 10

Heap:
 PSYoungGen      total 23552K, used 3194K [0x00000000eab00000, 0x00000000ecc80000, 0x0000000100000000)
  eden space 17920K, 3% used [0x00000000eab00000,0x00000000eab9ee48,0x00000000ebc80000)
  from space 5632K, 45% used [0x00000000ec280000,0x00000000ec4ffd00,0x00000000ec800000)
  to   space 3072K, 0% used [0x00000000ec980000,0x00000000ec980000,0x00000000ecc80000)
 ParOldGen       total 345600K, used 282212K [0x00000000c0000000, 0x00000000d5180000, 0x00000000eab00000)
  object space 345600K, 81% used [0x00000000c0000000,0x00000000d13991a8,0x00000000d5180000)
 Metaspace       used 69879K, committed 71040K, reserved 1114112K
  class space    used 7353K, committed 7872K, reserved 1048576K

Card table byte_map: [0x000001eb78430000,0x000001eb78640000] _byte_map_base: 0x000001eb77e30000

Marking Bits: (ParMarkBitMap*) 0x00007fff824d6940
 Begin Bits: [0x000001eb7b700000, 0x000001eb7c700000)
 End Bits:   [0x000001eb7c700000, 0x000001eb7d700000)

Polling page: 0x000001eb78220000

Metaspace:

Usage:
  Non-class:     61.06 MB used.
      Class:      7.18 MB used.
       Both:     68.24 MB used.

Virtual space:
  Non-class space:       64.00 MB reserved,      61.69 MB ( 96%) committed,  1 nodes.
      Class space:        1.00 GB reserved,       7.69 MB ( <1%) committed,  1 nodes.
             Both:        1.06 GB reserved,      69.38 MB (  6%) committed. 

Chunk freelists:
   Non-Class:  2.14 MB
       Class:  8.30 MB
        Both:  10.43 MB

MaxMetaspaceSize: unlimited
CompressedClassSpaceSize: 1.00 GB
Initial GC threshold: 21.00 MB
Current GC threshold: 113.25 MB
CDS: off
MetaspaceReclaimPolicy: balanced
 - commit_granule_bytes: 65536.
 - commit_granule_words: 8192.
 - virtual_space_node_default_size: 8388608.
 - enlarge_chunks_in_place: 1.
 - new_chunks_are_fully_committed: 0.
 - uncommit_free_chunks: 1.
 - use_allocation_guard: 0.
 - handle_deallocations: 1.


Internal statistics:

num_allocs_failed_limit: 6.
num_arena_births: 732.
num_arena_deaths: 14.
num_vsnodes_births: 2.
num_vsnodes_deaths: 0.
num_space_committed: 1110.
num_space_uncommitted: 0.
num_chunks_returned_to_freelist: 20.
num_chunks_taken_from_freelist: 3684.
num_chunk_merges: 8.
num_chunk_splits: 2213.
num_chunks_enlarged: 1206.
num_inconsistent_stats: 0.

CodeHeap 'non-profiled nmethods': size=120000Kb used=5662Kb max_used=5662Kb free=114337Kb
 bounds [0x000001eb07ad0000, 0x000001eb08060000, 0x000001eb0f000000]
CodeHeap 'profiled nmethods': size=120000Kb used=16572Kb max_used=16572Kb free=103427Kb
 bounds [0x000001eb00000000, 0x000001eb01040000, 0x000001eb07530000]
CodeHeap 'non-nmethods': size=5760Kb used=1379Kb max_used=1461Kb free=4380Kb
 bounds [0x000001eb07530000, 0x000001eb077a0000, 0x000001eb07ad0000]
 total_blobs=8788 nmethods=8055 adapters=646
 compilation: enabled
              stopped_count=0, restarted_count=0
 full_count=0

Compilation events (20 events):
Event: 39.724 Thread 0x000001eb7ebd0bb0 9632       1       org.eclipse.jdt.core.dom.AST::apiLevel (5 bytes)
Event: 39.724 Thread 0x000001eb7ebd0bb0 nmethod 9632 0x000001eb08056a90 code [0x000001eb08056c20, 0x000001eb08056cf8]
Event: 39.725 Thread 0x000001eb7ebd0bb0 9633       3       org.eclipse.jdt.internal.compiler.lookup.Binding::isValidBinding (11 bytes)
Event: 39.725 Thread 0x000001eb7ebd0bb0 nmethod 9633 0x000001eb0101c910 code [0x000001eb0101cac0, 0x000001eb0101cce8]
Event: 39.725 Thread 0x000001eb7ebd0bb0 9634       1       org.eclipse.jdt.internal.corext.dom.GenericVisitor::visitNode (2 bytes)
Event: 39.725 Thread 0x000001eb7ebd0bb0 nmethod 9634 0x000001eb08056d90 code [0x000001eb08056f20, 0x000001eb08056ff8]
Event: 39.725 Thread 0x000001eb7ebd0bb0 9635       3       org.eclipse.jdt.internal.corext.dom.GenericVisitor::visit (6 bytes)
Event: 39.726 Thread 0x000001eb7ebd0bb0 nmethod 9635 0x000001eb0101cd90 code [0x000001eb0101cf40, 0x000001eb0101d108]
Event: 39.726 Thread 0x000001eb7ebd0bb0 9636       3       org.eclipse.jdt.internal.corext.dom.GenericVisitor::endVisit (6 bytes)
Event: 39.726 Thread 0x000001eb7ebd0bb0 nmethod 9636 0x000001eb0101d190 code [0x000001eb0101d320, 0x000001eb0101d4f8]
Event: 39.736 Thread 0x000001eb7ebd0bb0 9637   !   3       lombok.launch.PatchFixesHider$PatchFixes::isGenerated (57 bytes)
Event: 39.737 Thread 0x000001eb7ebd0bb0 nmethod 9637 0x000001eb0101d610 code [0x000001eb0101d820, 0x000001eb0101df38]
Event: 39.737 Thread 0x000001eb7ebd0bb0 9638       3       java.lang.Class::getField0 (99 bytes)
Event: 39.737 Thread 0x000001eb7ebd0bb0 nmethod 9638 0x000001eb0101e290 code [0x000001eb0101e4c0, 0x000001eb0101e9c8]
Event: 39.744 Thread 0x000001eb7ebd0bb0 9641       1       org.eclipse.lsp4j.ClientCapabilities::getWindow (5 bytes)
Event: 39.744 Thread 0x000001eb7ebd0bb0 nmethod 9641 0x000001eb08057090 code [0x000001eb08057220, 0x000001eb080572f8]
Event: 39.749 Thread 0x000001eb7ebd0bb0 9643       1       org.eclipse.jdt.core.dom.ASTVisitor::visit (2 bytes)
Event: 39.749 Thread 0x000001eb7ebd0bb0 nmethod 9643 0x000001eb08057390 code [0x000001eb08057520, 0x000001eb080575f8]
Event: 39.749 Thread 0x000001eb7ebd0bb0 9644       3       org.eclipse.jdt.core.dom.ASTVisitor::endVisit (1 bytes)
Event: 39.750 Thread 0x000001eb7ebd0bb0 nmethod 9644 0x000001eb0101ec10 code [0x000001eb0101eda0, 0x000001eb0101eeb8]

GC Heap History (20 events):
Event: 9.108 GC heap before
{Heap before GC invocations=143 (full 9):
 PSYoungGen      total 24576K, used 14274K [0x00000000eab00000, 0x00000000ecf00000, 0x0000000100000000)
  eden space 14336K, 99% used [0x00000000eab00000,0x00000000eb8f0ab8,0x00000000eb900000)
  from space 10240K, 0% used [0x00000000eba00000,0x00000000eba00000,0x00000000ec400000)
  to   space 9216K, 0% used [0x00000000ec500000,0x00000000ec500000,0x00000000ece00000)
 ParOldGen       total 300544K, used 251381K [0x00000000c0000000, 0x00000000d2580000, 0x00000000eab00000)
  object space 300544K, 83% used [0x00000000c0000000,0x00000000cf57d710,0x00000000d2580000)
 Metaspace       used 68381K, committed 69568K, reserved 1114112K
  class space    used 7239K, committed 7744K, reserved 1048576K
}
Event: 9.123 GC heap after
{Heap after GC invocations=143 (full 9):
 PSYoungGen      total 23552K, used 7677K [0x00000000eab00000, 0x00000000ecc80000, 0x0000000100000000)
  eden space 15872K, 0% used [0x00000000eab00000,0x00000000eab00000,0x00000000eba80000)
  from space 7680K, 99% used [0x00000000ec500000,0x00000000ecc7f718,0x00000000ecc80000)
  to   space 8704K, 0% used [0x00000000ebb80000,0x00000000ebb80000,0x00000000ec400000)
 ParOldGen       total 300544K, used 255706K [0x00000000c0000000, 0x00000000d2580000, 0x00000000eab00000)
  object space 300544K, 85% used [0x00000000c0000000,0x00000000cf9b6840,0x00000000d2580000)
 Metaspace       used 68381K, committed 69568K, reserved 1114112K
  class space    used 7239K, committed 7744K, reserved 1048576K
}
Event: 9.141 GC heap before
{Heap before GC invocations=144 (full 9):
 PSYoungGen      total 23552K, used 23549K [0x00000000eab00000, 0x00000000ecc80000, 0x0000000100000000)
  eden space 15872K, 100% used [0x00000000eab00000,0x00000000eba80000,0x00000000eba80000)
  from space 7680K, 99% used [0x00000000ec500000,0x00000000ecc7f718,0x00000000ecc80000)
  to   space 8704K, 0% used [0x00000000ebb80000,0x00000000ebb80000,0x00000000ec400000)
 ParOldGen       total 300544K, used 255706K [0x00000000c0000000, 0x00000000d2580000, 0x00000000eab00000)
  object space 300544K, 85% used [0x00000000c0000000,0x00000000cf9b6840,0x00000000d2580000)
 Metaspace       used 68392K, committed 69632K, reserved 1114112K
  class space    used 7239K, committed 7744K, reserved 1048576K
}
Event: 9.148 GC heap after
{Heap after GC invocations=144 (full 9):
 PSYoungGen      total 25600K, used 8685K [0x00000000eab00000, 0x00000000ed880000, 0x0000000100000000)
  eden space 16896K, 0% used [0x00000000eab00000,0x00000000eab00000,0x00000000ebb80000)
  from space 8704K, 99% used [0x00000000ebb80000,0x00000000ec3fb410,0x00000000ec400000)
  to   space 14336K, 0% used [0x00000000eca80000,0x00000000eca80000,0x00000000ed880000)
 ParOldGen       total 300544K, used 260283K [0x00000000c0000000, 0x00000000d2580000, 0x00000000eab00000)
  object space 300544K, 86% used [0x00000000c0000000,0x00000000cfe2ec50,0x00000000d2580000)
 Metaspace       used 68392K, committed 69632K, reserved 1114112K
  class space    used 7239K, committed 7744K, reserved 1048576K
}
Event: 9.182 GC heap before
{Heap before GC invocations=145 (full 9):
 PSYoungGen      total 25600K, used 25441K [0x00000000eab00000, 0x00000000ed880000, 0x0000000100000000)
  eden space 16896K, 99% used [0x00000000eab00000,0x00000000ebb5d098,0x00000000ebb80000)
  from space 8704K, 99% used [0x00000000ebb80000,0x00000000ec3fb410,0x00000000ec400000)
  to   space 14336K, 0% used [0x00000000eca80000,0x00000000eca80000,0x00000000ed880000)
 ParOldGen       total 300544K, used 260283K [0x00000000c0000000, 0x00000000d2580000, 0x00000000eab00000)
  object space 300544K, 86% used [0x00000000c0000000,0x00000000cfe2ec50,0x00000000d2580000)
 Metaspace       used 68392K, committed 69632K, reserved 1114112K
  class space    used 7239K, committed 7744K, reserved 1048576K
}
Event: 9.198 GC heap after
{Heap after GC invocations=145 (full 9):
 PSYoungGen      total 26112K, used 6545K [0x00000000eab00000, 0x00000000ed100000, 0x0000000100000000)
  eden space 19456K, 0% used [0x00000000eab00000,0x00000000eab00000,0x00000000ebe00000)
  from space 6656K, 98% used [0x00000000eca80000,0x00000000ed0e44c8,0x00000000ed100000)
  to   space 9216K, 0% used [0x00000000ebf00000,0x00000000ebf00000,0x00000000ec800000)
 ParOldGen       total 300544K, used 268797K [0x00000000c0000000, 0x00000000d2580000, 0x00000000eab00000)
  object space 300544K, 89% used [0x00000000c0000000,0x00000000d067f718,0x00000000d2580000)
 Metaspace       used 68392K, committed 69632K, reserved 1114112K
  class space    used 7239K, committed 7744K, reserved 1048576K
}
Event: 9.436 GC heap before
{Heap before GC invocations=146 (full 9):
 PSYoungGen      total 26112K, used 26001K [0x00000000eab00000, 0x00000000ed100000, 0x0000000100000000)
  eden space 19456K, 100% used [0x00000000eab00000,0x00000000ebe00000,0x00000000ebe00000)
  from space 6656K, 98% used [0x00000000eca80000,0x00000000ed0e44c8,0x00000000ed100000)
  to   space 9216K, 0% used [0x00000000ebf00000,0x00000000ebf00000,0x00000000ec800000)
 ParOldGen       total 300544K, used 268797K [0x00000000c0000000, 0x00000000d2580000, 0x00000000eab00000)
  object space 300544K, 89% used [0x00000000c0000000,0x00000000d067f718,0x00000000d2580000)
 Metaspace       used 68404K, committed 69632K, reserved 1114112K
  class space    used 7239K, committed 7744K, reserved 1048576K
}
Event: 9.446 GC heap after
{Heap after GC invocations=146 (full 9):
 PSYoungGen      total 29696K, used 9209K [0x00000000eab00000, 0x00000000ee580000, 0x0000000100000000)
  eden space 20480K, 0% used [0x00000000eab00000,0x00000000eab00000,0x00000000ebf00000)
  from space 9216K, 99% used [0x00000000ebf00000,0x00000000ec7fe6e8,0x00000000ec800000)
  to   space 18944K, 0% used [0x00000000ed300000,0x00000000ed300000,0x00000000ee580000)
 ParOldGen       total 300544K, used 276359K [0x00000000c0000000, 0x00000000d2580000, 0x00000000eab00000)
  object space 300544K, 91% used [0x00000000c0000000,0x00000000d0de1e68,0x00000000d2580000)
 Metaspace       used 68404K, committed 69632K, reserved 1114112K
  class space    used 7239K, committed 7744K, reserved 1048576K
}
Event: 9.664 GC heap before
{Heap before GC invocations=147 (full 9):
 PSYoungGen      total 29696K, used 29689K [0x00000000eab00000, 0x00000000ee580000, 0x0000000100000000)
  eden space 20480K, 100% used [0x00000000eab00000,0x00000000ebf00000,0x00000000ebf00000)
  from space 9216K, 99% used [0x00000000ebf00000,0x00000000ec7fe6e8,0x00000000ec800000)
  to   space 18944K, 0% used [0x00000000ed300000,0x00000000ed300000,0x00000000ee580000)
 ParOldGen       total 300544K, used 276359K [0x00000000c0000000, 0x00000000d2580000, 0x00000000eab00000)
  object space 300544K, 91% used [0x00000000c0000000,0x00000000d0de1e68,0x00000000d2580000)
 Metaspace       used 68404K, committed 69632K, reserved 1114112K
  class space    used 7239K, committed 7744K, reserved 1048576K
}
Event: 9.693 GC heap after
{Heap after GC invocations=147 (full 9):
 PSYoungGen      total 34816K, used 18936K [0x00000000eab00000, 0x00000000ef280000, 0x0000000100000000)
  eden space 15872K, 0% used [0x00000000eab00000,0x00000000eab00000,0x00000000eba80000)
  from space 18944K, 99% used [0x00000000ed300000,0x00000000ee57e2c8,0x00000000ee580000)
  to   space 25088K, 0% used [0x00000000eba80000,0x00000000eba80000,0x00000000ed300000)
 ParOldGen       total 300544K, used 280752K [0x00000000c0000000, 0x00000000d2580000, 0x00000000eab00000)
  object space 300544K, 93% used [0x00000000c0000000,0x00000000d122c2c0,0x00000000d2580000)
 Metaspace       used 68404K, committed 69632K, reserved 1114112K
  class space    used 7239K, committed 7744K, reserved 1048576K
}
Event: 9.923 GC heap before
{Heap before GC invocations=148 (full 9):
 PSYoungGen      total 34816K, used 34808K [0x00000000eab00000, 0x00000000ef280000, 0x0000000100000000)
  eden space 15872K, 100% used [0x00000000eab00000,0x00000000eba80000,0x00000000eba80000)
  from space 18944K, 99% used [0x00000000ed300000,0x00000000ee57e2c8,0x00000000ee580000)
  to   space 25088K, 0% used [0x00000000eba80000,0x00000000eba80000,0x00000000ed300000)
 ParOldGen       total 300544K, used 280752K [0x00000000c0000000, 0x00000000d2580000, 0x00000000eab00000)
  object space 300544K, 93% used [0x00000000c0000000,0x00000000d122c2c0,0x00000000d2580000)
 Metaspace       used 68404K, committed 69632K, reserved 1114112K
  class space    used 7239K, committed 7744K, reserved 1048576K
}
Event: 9.961 GC heap after
{Heap after GC invocations=148 (full 9):
 PSYoungGen      total 31744K, used 15757K [0x00000000eab00000, 0x00000000ee180000, 0x0000000100000000)
  eden space 15872K, 0% used [0x00000000eab00000,0x00000000eab00000,0x00000000eba80000)
  from space 15872K, 99% used [0x00000000eba80000,0x00000000ec9e35e0,0x00000000eca00000)
  to   space 18944K, 0% used [0x00000000ecf00000,0x00000000ecf00000,0x00000000ee180000)
 ParOldGen       total 300544K, used 295642K [0x00000000c0000000, 0x00000000d2580000, 0x00000000eab00000)
  object space 300544K, 98% used [0x00000000c0000000,0x00000000d20b6bd0,0x00000000d2580000)
 Metaspace       used 68404K, committed 69632K, reserved 1114112K
  class space    used 7239K, committed 7744K, reserved 1048576K
}
Event: 10.511 GC heap before
{Heap before GC invocations=149 (full 10):
 PSYoungGen      total 31744K, used 31629K [0x00000000eab00000, 0x00000000ee180000, 0x0000000100000000)
  eden space 15872K, 100% used [0x00000000eab00000,0x00000000eba80000,0x00000000eba80000)
  from space 15872K, 99% used [0x00000000eba80000,0x00000000ec9e35e0,0x00000000eca00000)
  to   space 18944K, 0% used [0x00000000ecf00000,0x00000000ecf00000,0x00000000ee180000)
 ParOldGen       total 300544K, used 295642K [0x00000000c0000000, 0x00000000d2580000, 0x00000000eab00000)
  object space 300544K, 98% used [0x00000000c0000000,0x00000000d20b6bd0,0x00000000d2580000)
 Metaspace       used 68426K, committed 69632K, reserved 1114112K
  class space    used 7239K, committed 7744K, reserved 1048576K
}
Event: 10.605 GC heap after
{Heap after GC invocations=149 (full 10):
 PSYoungGen      total 36864K, used 0K [0x00000000eab00000, 0x00000000ee180000, 0x0000000100000000)
  eden space 17920K, 0% used [0x00000000eab00000,0x00000000eab00000,0x00000000ebc80000)
  from space 18944K, 0% used [0x00000000ecf00000,0x00000000ecf00000,0x00000000ee180000)
  to   space 18944K, 0% used [0x00000000ebc80000,0x00000000ebc80000,0x00000000ecf00000)
 ParOldGen       total 345600K, used 277916K [0x00000000c0000000, 0x00000000d5180000, 0x00000000eab00000)
  object space 345600K, 80% used [0x00000000c0000000,0x00000000d0f671a8,0x00000000d5180000)
 Metaspace       used 68426K, committed 69632K, reserved 1114112K
  class space    used 7239K, committed 7744K, reserved 1048576K
}
Event: 10.747 GC heap before
{Heap before GC invocations=150 (full 10):
 PSYoungGen      total 36864K, used 17920K [0x00000000eab00000, 0x00000000ee180000, 0x0000000100000000)
  eden space 17920K, 100% used [0x00000000eab00000,0x00000000ebc80000,0x00000000ebc80000)
  from space 18944K, 0% used [0x00000000ecf00000,0x00000000ecf00000,0x00000000ee180000)
  to   space 18944K, 0% used [0x00000000ebc80000,0x00000000ebc80000,0x00000000ecf00000)
 ParOldGen       total 345600K, used 277916K [0x00000000c0000000, 0x00000000d5180000, 0x00000000eab00000)
  object space 345600K, 80% used [0x00000000c0000000,0x00000000d0f671a8,0x00000000d5180000)
 Metaspace       used 68457K, committed 69632K, reserved 1114112K
  class space    used 7242K, committed 7744K, reserved 1048576K
}
Event: 10.757 GC heap after
{Heap after GC invocations=150 (full 10):
 PSYoungGen      total 29696K, used 11533K [0x00000000eab00000, 0x00000000ed980000, 0x0000000100000000)
  eden space 17920K, 0% used [0x00000000eab00000,0x00000000eab00000,0x00000000ebc80000)
  from space 11776K, 97% used [0x00000000ebc80000,0x00000000ec7c3518,0x00000000ec800000)
  to   space 13824K, 0% used [0x00000000ecc00000,0x00000000ecc00000,0x00000000ed980000)
 ParOldGen       total 345600K, used 277916K [0x00000000c0000000, 0x00000000d5180000, 0x00000000eab00000)
  object space 345600K, 80% used [0x00000000c0000000,0x00000000d0f671a8,0x00000000d5180000)
 Metaspace       used 68457K, committed 69632K, reserved 1114112K
  class space    used 7242K, committed 7744K, reserved 1048576K
}
Event: 37.441 GC heap before
{Heap before GC invocations=151 (full 10):
 PSYoungGen      total 29696K, used 29453K [0x00000000eab00000, 0x00000000ed980000, 0x0000000100000000)
  eden space 17920K, 100% used [0x00000000eab00000,0x00000000ebc80000,0x00000000ebc80000)
  from space 11776K, 97% used [0x00000000ebc80000,0x00000000ec7c3518,0x00000000ec800000)
  to   space 13824K, 0% used [0x00000000ecc00000,0x00000000ecc00000,0x00000000ed980000)
 ParOldGen       total 345600K, used 277916K [0x00000000c0000000, 0x00000000d5180000, 0x00000000eab00000)
  object space 345600K, 80% used [0x00000000c0000000,0x00000000d0f671a8,0x00000000d5180000)
 Metaspace       used 68894K, committed 70080K, reserved 1114112K
  class space    used 7273K, committed 7744K, reserved 1048576K
}
Event: 37.896 GC heap after
{Heap after GC invocations=151 (full 10):
 PSYoungGen      total 19456K, used 1512K [0x00000000eab00000, 0x00000000ecd80000, 0x0000000100000000)
  eden space 17920K, 0% used [0x00000000eab00000,0x00000000eab00000,0x00000000ebc80000)
  from space 1536K, 98% used [0x00000000ecc00000,0x00000000ecd7a018,0x00000000ecd80000)
  to   space 5632K, 0% used [0x00000000ec280000,0x00000000ec280000,0x00000000ec800000)
 ParOldGen       total 345600K, used 282204K [0x00000000c0000000, 0x00000000d5180000, 0x00000000eab00000)
  object space 345600K, 81% used [0x00000000c0000000,0x00000000d13971a8,0x00000000d5180000)
 Metaspace       used 68894K, committed 70080K, reserved 1114112K
  class space    used 7273K, committed 7744K, reserved 1048576K
}
Event: 39.755 GC heap before
{Heap before GC invocations=152 (full 10):
 PSYoungGen      total 19456K, used 19424K [0x00000000eab00000, 0x00000000ecd80000, 0x0000000100000000)
  eden space 17920K, 99% used [0x00000000eab00000,0x00000000ebc7e230,0x00000000ebc80000)
  from space 1536K, 98% used [0x00000000ecc00000,0x00000000ecd7a018,0x00000000ecd80000)
  to   space 5632K, 0% used [0x00000000ec280000,0x00000000ec280000,0x00000000ec800000)
 ParOldGen       total 345600K, used 282204K [0x00000000c0000000, 0x00000000d5180000, 0x00000000eab00000)
  object space 345600K, 81% used [0x00000000c0000000,0x00000000d13971a8,0x00000000d5180000)
 Metaspace       used 69784K, committed 70976K, reserved 1114112K
  class space    used 7346K, committed 7872K, reserved 1048576K
}
Event: 39.763 GC heap after
{Heap after GC invocations=152 (full 10):
 PSYoungGen      total 23552K, used 2559K [0x00000000eab00000, 0x00000000ecc80000, 0x0000000100000000)
  eden space 17920K, 0% used [0x00000000eab00000,0x00000000eab00000,0x00000000ebc80000)
  from space 5632K, 45% used [0x00000000ec280000,0x00000000ec4ffd00,0x00000000ec800000)
  to   space 3072K, 0% used [0x00000000ec980000,0x00000000ec980000,0x00000000ecc80000)
 ParOldGen       total 345600K, used 282212K [0x00000000c0000000, 0x00000000d5180000, 0x00000000eab00000)
  object space 345600K, 81% used [0x00000000c0000000,0x00000000d13991a8,0x00000000d5180000)
 Metaspace       used 69784K, committed 70976K, reserved 1114112K
  class space    used 7346K, committed 7872K, reserved 1048576K
}

Dll operation events (10 events):
Event: 0.038 Loaded shared library c:\Users\VAISHNAVI.M\.vscode\extensions\redhat.java-1.36.0-win32-x64\jre\17.0.13-win32-x86_64\bin\java.dll
Event: 0.118 Loaded shared library c:\Users\VAISHNAVI.M\.vscode\extensions\redhat.java-1.36.0-win32-x64\jre\17.0.13-win32-x86_64\bin\zip.dll
Event: 0.120 Loaded shared library C:\Users\VAISHNAVI.M\.vscode\extensions\redhat.java-1.36.0-win32-x64\jre\17.0.13-win32-x86_64\bin\instrument.dll
Event: 0.127 Loaded shared library C:\Users\VAISHNAVI.M\.vscode\extensions\redhat.java-1.36.0-win32-x64\jre\17.0.13-win32-x86_64\bin\net.dll
Event: 0.128 Loaded shared library C:\Users\VAISHNAVI.M\.vscode\extensions\redhat.java-1.36.0-win32-x64\jre\17.0.13-win32-x86_64\bin\nio.dll
Event: 0.133 Loaded shared library C:\Users\VAISHNAVI.M\.vscode\extensions\redhat.java-1.36.0-win32-x64\jre\17.0.13-win32-x86_64\bin\zip.dll
Event: 0.144 Loaded shared library C:\Users\VAISHNAVI.M\.vscode\extensions\redhat.java-1.36.0-win32-x64\jre\17.0.13-win32-x86_64\bin\jimage.dll
Event: 0.180 Loaded shared library c:\Users\VAISHNAVI.M\.vscode\extensions\redhat.java-1.36.0-win32-x64\jre\17.0.13-win32-x86_64\bin\verify.dll
Event: 0.830 Loaded shared library C:\Users\VAISHNAVI.M\AppData\Roaming\Code\User\globalStorage\redhat.java\1.36.0\config_win\org.eclipse.equinox.launcher\org.eclipse.equinox.launcher.win32.win32.x86_64_1.2.1100.v20240722-2106\eclipse_11904.dll
Event: 1.911 Loaded shared library C:\Users\VAISHNAVI.M\AppData\Local\Temp\jna-1788201880\jna1229227696000583224.dll

Deoptimization events (20 events):
Event: 39.512 Thread 0x000001eb16ac1400 DEOPT PACKING pc=0x000001eb00efa76c sp=0x000000959adfcf80
Event: 39.512 Thread 0x000001eb16ac1400 DEOPT UNPACKING pc=0x000001eb07586e43 sp=0x000000959adfc450 mode 0
Event: 39.513 Thread 0x000001eb16ac1400 DEOPT PACKING pc=0x000001eb00efa76c sp=0x000000959adfcf80
Event: 39.513 Thread 0x000001eb16ac1400 DEOPT UNPACKING pc=0x000001eb07586e43 sp=0x000000959adfc450 mode 0
Event: 39.514 Thread 0x000001eb16ac1400 DEOPT PACKING pc=0x000001eb00efa76c sp=0x000000959adfcf80
Event: 39.514 Thread 0x000001eb16ac1400 DEOPT UNPACKING pc=0x000001eb07586e43 sp=0x000000959adfc450 mode 0
Event: 39.521 Thread 0x000001eb16ac55d0 Uncommon trap: trap_request=0xffffff45 fr.pc=0x000001eb07e862c4 relative=0x0000000000000284
Event: 39.521 Thread 0x000001eb16ac55d0 Uncommon trap: reason=unstable_if action=reinterpret pc=0x000001eb07e862c4 method=org.eclipse.jdt.internal.core.util.Util.indexOfJavaLikeExtension(Ljava/lang/String;)I @ 46 c2
Event: 39.521 Thread 0x000001eb16ac55d0 DEOPT PACKING pc=0x000001eb07e862c4 sp=0x000000959b1fe820
Event: 39.521 Thread 0x000001eb16ac55d0 DEOPT UNPACKING pc=0x000001eb075866a3 sp=0x000000959b1fe7a8 mode 2
Event: 39.698 Thread 0x000001eb16ac1400 Uncommon trap: trap_request=0xffffff45 fr.pc=0x000001eb0805217c relative=0x0000000000002afc
Event: 39.698 Thread 0x000001eb16ac1400 Uncommon trap: reason=unstable_if action=reinterpret pc=0x000001eb0805217c method=org.eclipse.jdt.internal.compiler.parser.Scanner.getNextToken0()I @ 1412 c2
Event: 39.698 Thread 0x000001eb16ac1400 DEOPT PACKING pc=0x000001eb0805217c sp=0x000000959adfd150
Event: 39.699 Thread 0x000001eb16ac1400 DEOPT UNPACKING pc=0x000001eb075866a3 sp=0x000000959adfd0c0 mode 2
Event: 39.701 Thread 0x000001eb16ac1400 Uncommon trap: trap_request=0xffffff45 fr.pc=0x000001eb07c7b0a8 relative=0x00000000000009a8
Event: 39.701 Thread 0x000001eb16ac1400 Uncommon trap: reason=unstable_if action=reinterpret pc=0x000001eb07c7b0a8 method=lombok.eclipse.EclipseNode.traverse(Llombok/eclipse/EclipseASTVisitor;)V @ 28 c2
Event: 39.701 Thread 0x000001eb16ac1400 DEOPT PACKING pc=0x000001eb07c7b0a8 sp=0x000000959adfcbf0
Event: 39.701 Thread 0x000001eb16ac1400 DEOPT UNPACKING pc=0x000001eb075866a3 sp=0x000000959adfcba8 mode 2
Event: 39.713 Thread 0x000001eb16ac1400 DEOPT PACKING pc=0x000001eb009a8e98 sp=0x000000959adfcb70
Event: 39.713 Thread 0x000001eb16ac1400 DEOPT UNPACKING pc=0x000001eb07586e43 sp=0x000000959adfc060 mode 0

Classes loaded (20 events):
Event: 6.837 Loading class java/lang/Throwable$WrappedPrintWriter
Event: 6.838 Loading class java/lang/Throwable$PrintStreamOrWriter
Event: 6.838 Loading class java/lang/Throwable$PrintStreamOrWriter done
Event: 6.838 Loading class java/lang/Throwable$WrappedPrintWriter done
Event: 8.750 Loading class java/util/stream/DistinctOps
Event: 8.750 Loading class java/util/stream/DistinctOps done
Event: 8.750 Loading class java/util/stream/DistinctOps$1
Event: 8.751 Loading class java/util/stream/DistinctOps$1 done
Event: 8.753 Loading class java/util/stream/DistinctOps$1$2
Event: 8.753 Loading class java/util/stream/DistinctOps$1$2 done
Event: 10.686 Loading class sun/nio/fs/WindowsFileCopy
Event: 10.688 Loading class sun/nio/fs/WindowsFileCopy done
Event: 30.832 Loading class sun/nio/cs/ISO_8859_1$Encoder
Event: 30.837 Loading class sun/nio/cs/ISO_8859_1$Encoder done
Event: 30.837 Loading class sun/nio/cs/Surrogate$Parser
Event: 30.838 Loading class sun/nio/cs/Surrogate$Parser done
Event: 30.838 Loading class sun/nio/cs/Surrogate
Event: 30.841 Loading class sun/nio/cs/Surrogate done
Event: 38.071 Loading class java/util/regex/Pattern$1
Event: 38.076 Loading class java/util/regex/Pattern$1 done

Classes unloaded (7 events):
Event: 2.712 Thread 0x000001eb78b1ed00 Unloading class 0x0000000100257c00 'java/lang/invoke/LambdaForm$MH+0x0000000100257c00'
Event: 2.712 Thread 0x000001eb78b1ed00 Unloading class 0x0000000100257800 'java/lang/invoke/LambdaForm$MH+0x0000000100257800'
Event: 2.712 Thread 0x000001eb78b1ed00 Unloading class 0x0000000100257400 'java/lang/invoke/LambdaForm$MH+0x0000000100257400'
Event: 2.712 Thread 0x000001eb78b1ed00 Unloading class 0x0000000100257000 'java/lang/invoke/LambdaForm$MH+0x0000000100257000'
Event: 2.712 Thread 0x000001eb78b1ed00 Unloading class 0x0000000100256c00 'java/lang/invoke/LambdaForm$BMH+0x0000000100256c00'
Event: 2.712 Thread 0x000001eb78b1ed00 Unloading class 0x0000000100256800 'java/lang/invoke/LambdaForm$DMH+0x0000000100256800'
Event: 2.712 Thread 0x000001eb78b1ed00 Unloading class 0x0000000100254000 'java/lang/invoke/LambdaForm$DMH+0x0000000100254000'

Classes redefined (0 events):
No events

Internal exceptions (20 events):
Event: 6.733 Thread 0x000001eb13e8a510 Exception <a 'sun/nio/fs/WindowsException'{0x00000000eb3c2318}> (0x00000000eb3c2318) 
thrown [s\src\hotspot\share\prims\jni.cpp, line 516]
Event: 6.733 Thread 0x000001eb13e8a510 Exception <a 'sun/nio/fs/WindowsException'{0x00000000eb3c2950}> (0x00000000eb3c2950) 
thrown [s\src\hotspot\share\prims\jni.cpp, line 516]
Event: 6.733 Thread 0x000001eb13e8a510 Exception <a 'sun/nio/fs/WindowsException'{0x00000000eb3c35d8}> (0x00000000eb3c35d8) 
thrown [s\src\hotspot\share\prims\jni.cpp, line 516]
Event: 6.733 Thread 0x000001eb13e8a510 Exception <a 'sun/nio/fs/WindowsException'{0x00000000eb3c3c10}> (0x00000000eb3c3c10) 
thrown [s\src\hotspot\share\prims\jni.cpp, line 516]
Event: 6.734 Thread 0x000001eb13e8a510 Exception <a 'sun/nio/fs/WindowsException'{0x00000000eb3c4f80}> (0x00000000eb3c4f80) 
thrown [s\src\hotspot\share\prims\jni.cpp, line 516]
Event: 6.734 Thread 0x000001eb13e8a510 Exception <a 'sun/nio/fs/WindowsException'{0x00000000eb3c55b8}> (0x00000000eb3c55b8) 
thrown [s\src\hotspot\share\prims\jni.cpp, line 516]
Event: 6.739 Thread 0x000001eb13e8a510 Exception <a 'sun/nio/fs/WindowsException'{0x00000000eb52db88}> (0x00000000eb52db88) 
thrown [s\src\hotspot\share\prims\jni.cpp, line 516]
Event: 6.739 Thread 0x000001eb13e8a510 Exception <a 'sun/nio/fs/WindowsException'{0x00000000eb52e1c0}> (0x00000000eb52e1c0) 
thrown [s\src\hotspot\share\prims\jni.cpp, line 516]
Event: 6.740 Thread 0x000001eb13e8a510 Exception <a 'sun/nio/fs/WindowsException'{0x00000000eb52ee48}> (0x00000000eb52ee48) 
thrown [s\src\hotspot\share\prims\jni.cpp, line 516]
Event: 6.740 Thread 0x000001eb13e8a510 Exception <a 'sun/nio/fs/WindowsException'{0x00000000eb52f480}> (0x00000000eb52f480) 
thrown [s\src\hotspot\share\prims\jni.cpp, line 516]
Event: 6.744 Thread 0x000001eb13e8a510 Exception <a 'sun/nio/fs/WindowsException'{0x00000000eab00b08}> (0x00000000eab00b08) 
thrown [s\src\hotspot\share\prims\jni.cpp, line 516]
Event: 6.744 Thread 0x000001eb13e8a510 Exception <a 'sun/nio/fs/WindowsException'{0x00000000eab01140}> (0x00000000eab01140) 
thrown [s\src\hotspot\share\prims\jni.cpp, line 516]
Event: 6.758 Thread 0x000001eb16ac50c0 Exception <a 'sun/nio/fs/WindowsException'{0x00000000eaf233d0}> (0x00000000eaf233d0) 
thrown [s\src\hotspot\share\prims\jni.cpp, line 516]
Event: 6.758 Thread 0x000001eb16ac50c0 Exception <a 'sun/nio/fs/WindowsException'{0x00000000eaf23760}> (0x00000000eaf23760) 
thrown [s\src\hotspot\share\prims\jni.cpp, line 516]
Event: 7.230 Thread 0x000001eb16ac50c0 Exception <a 'java/lang/NoSuchMethodError'{0x00000000eae8cdf0}: 'java.lang.Object java.lang.invoke.DirectMethodHandle$Holder.invokeSpecial(java.lang.Object, java.lang.Object, int, long)'> (0x00000000eae8cdf0) 
thrown [s\src\hotspot\share\interpreter\linkResolver.cpp, line 759]
Event: 8.352 Thread 0x000001eb16ac55d0 Exception <a 'java/lang/ArrayIndexOutOfBoundsException'{0x00000000ebd75d38}> (0x00000000ebd75d38) 
thrown [s\src\hotspot\share\runtime\sharedRuntime.cpp, line 631]
Event: 10.689 Thread 0x000001eb13e8d2a0 Exception <a 'sun/nio/fs/WindowsException'{0x00000000eac25698}> (0x00000000eac25698) 
thrown [s\src\hotspot\share\prims\jni.cpp, line 516]
Event: 38.719 Thread 0x000001eb16ac2330 Implicit null exception at 0x000001eb080251e7 to 0x000001eb080253a8
Event: 39.369 Thread 0x000001eb16ac1400 Implicit null exception at 0x000001eb07ed2f2c to 0x000001eb07ed2f8c
Event: 39.721 Thread 0x000001eb16ac55d0 Exception <a 'java/lang/NoSuchMethodError'{0x00000000ebba12c0}: 'java.lang.Object java.lang.invoke.DirectMethodHandle$Holder.invokeStatic(java.lang.Object, int, java.lang.Object, java.lang.Object, java.lang.Object, java.lang.Object)'> (0x00000000ebba12c0) 
thrown [s\src\hotspot\share\interpreter\linkResolver.cpp, line 759]

VM Operations (20 events):
Event: 9.664 Executing VM operation: ParallelGCFailedAllocation
Event: 9.693 Executing VM operation: ParallelGCFailedAllocation done
Event: 9.923 Executing VM operation: ParallelGCFailedAllocation
Event: 9.961 Executing VM operation: ParallelGCFailedAllocation done
Event: 10.511 Executing VM operation: ParallelGCFailedAllocation
Event: 10.605 Executing VM operation: ParallelGCFailedAllocation done
Event: 10.746 Executing VM operation: ParallelGCFailedAllocation
Event: 10.757 Executing VM operation: ParallelGCFailedAllocation done
Event: 11.765 Executing VM operation: Cleanup
Event: 11.765 Executing VM operation: Cleanup done
Event: 30.964 Executing VM operation: Cleanup
Event: 30.965 Executing VM operation: Cleanup done
Event: 37.043 Executing VM operation: Cleanup
Event: 37.043 Executing VM operation: Cleanup done
Event: 37.441 Executing VM operation: ParallelGCFailedAllocation
Event: 37.896 Executing VM operation: ParallelGCFailedAllocation done
Event: 38.905 Executing VM operation: Cleanup
Event: 38.906 Executing VM operation: Cleanup done
Event: 39.755 Executing VM operation: ParallelGCFailedAllocation
Event: 39.763 Executing VM operation: ParallelGCFailedAllocation done

Memory protections (0 events):
No events

Nmethod flushes (20 events):
Event: 6.501 Thread 0x000001eb7ebd1c60 flushing  nmethod 0x000001eb00d5c290
Event: 6.501 Thread 0x000001eb7ebd1c60 flushing  nmethod 0x000001eb00d62890
Event: 6.501 Thread 0x000001eb7ebd1c60 flushing  nmethod 0x000001eb00d6ea90
Event: 6.501 Thread 0x000001eb7ebd1c60 flushing  nmethod 0x000001eb00d70c10
Event: 6.501 Thread 0x000001eb7ebd1c60 flushing  nmethod 0x000001eb00d71310
Event: 6.501 Thread 0x000001eb7ebd1c60 flushing  nmethod 0x000001eb00d71990
Event: 6.501 Thread 0x000001eb7ebd1c60 flushing  nmethod 0x000001eb00d73590
Event: 6.501 Thread 0x000001eb7ebd1c60 flushing  nmethod 0x000001eb00d74790
Event: 6.501 Thread 0x000001eb7ebd1c60 flushing  nmethod 0x000001eb00d74d10
Event: 6.501 Thread 0x000001eb7ebd1c60 flushing  nmethod 0x000001eb00d7a790
Event: 6.501 Thread 0x000001eb7ebd1c60 flushing  nmethod 0x000001eb00d7e310
Event: 6.501 Thread 0x000001eb7ebd1c60 flushing  nmethod 0x000001eb00d8d190
Event: 6.501 Thread 0x000001eb7ebd1c60 flushing  nmethod 0x000001eb00d8d710
Event: 6.501 Thread 0x000001eb7ebd1c60 flushing  nmethod 0x000001eb00d8dd90
Event: 6.501 Thread 0x000001eb7ebd1c60 flushing  nmethod 0x000001eb00d8e110
Event: 6.501 Thread 0x000001eb7ebd1c60 flushing  nmethod 0x000001eb00d90710
Event: 6.501 Thread 0x000001eb7ebd1c60 flushing  nmethod 0x000001eb00daab10
Event: 6.501 Thread 0x000001eb7ebd1c60 flushing  nmethod 0x000001eb00dbbe90
Event: 9.221 Thread 0x000001eb7ebd1c60 flushing  nmethod 0x000001eb00746890
Event: 9.225 Thread 0x000001eb7ebd1c60 flushing  nmethod 0x000001eb00e4d210

Events (20 events):
Event: 3.818 Thread 0x000001eb164fbfd0 Thread added: 0x000001eb13e8a000
Event: 3.819 Thread 0x000001eb13e8cd90 Thread added: 0x000001eb16ac4190
Event: 5.082 Thread 0x000001eb13e8cd90 Thread added: 0x000001eb16abffc0
Event: 5.188 Thread 0x000001eb13e8cd90 Thread added: 0x000001eb16ac2d50
Event: 5.275 Thread 0x000001eb164fb0a0 Thread added: 0x000001eb16ac50c0
Event: 6.314 Thread 0x000001eb164f9240 Thread added: 0x000001eb16ac04d0
Event: 6.316 Thread 0x000001eb164f9240 Thread added: 0x000001eb16ac3c80
Event: 6.322 Thread 0x000001eb164f9240 Thread added: 0x000001eb16ac1910
Event: 6.324 Thread 0x000001eb16ac1910 Thread added: 0x000001eb16ac1400
Event: 6.667 Thread 0x000001eb164f9240 Thread added: 0x000001eb16ac6500
Event: 6.689 Thread 0x000001eb164f9240 Thread added: 0x000001eb16ac7940
Event: 7.216 Thread 0x000001eb16ac50c0 Thread added: 0x000001eb16ac3260
Event: 7.242 Thread 0x000001eb16ac6500 Thread added: 0x000001eb16ac55d0
Event: 7.260 Thread 0x000001eb13e8af30 Thread exited: 0x000001eb13e8af30
Event: 9.105 Thread 0x000001eb13eb40e0 Thread exited: 0x000001eb13eb40e0
Event: 10.022 Thread 0x000001eb13ec1cf0 Thread exited: 0x000001eb13ec1cf0
Event: 10.699 Thread 0x000001eb7ebca540 Thread added: 0x000001eb20348280
Event: 15.828 Thread 0x000001eb20348280 Thread exited: 0x000001eb20348280
Event: 36.766 Thread 0x000001eb16ac6500 Thread added: 0x000001eb16ac6f20
Event: 38.075 Thread 0x000001eb16ac55d0 Thread added: 0x000001eb16ac2330


Dynamic libraries:
0x00007ff719c00000 - 0x00007ff719c0e000 	c:\Users\VAISHNAVI.M\.vscode\extensions\redhat.java-1.36.0-win32-x64\jre\17.0.13-win32-x86_64\bin\java.exe
0x00007ff806ab0000 - 0x00007ff806cc7000 	C:\WINDOWS\SYSTEM32\ntdll.dll
0x00007ff805230000 - 0x00007ff8052f4000 	C:\WINDOWS\System32\KERNEL32.DLL
0x00007ff803dc0000 - 0x00007ff804177000 	C:\WINDOWS\System32\KERNELBASE.dll
0x00007ff804690000 - 0x00007ff8047a1000 	C:\WINDOWS\System32\ucrtbase.dll
0x00007fffe0830000 - 0x00007fffe084e000 	c:\Users\VAISHNAVI.M\.vscode\extensions\redhat.java-1.36.0-win32-x64\jre\17.0.13-win32-x86_64\bin\VCRUNTIME140.dll
0x00007fffff460000 - 0x00007fffff477000 	c:\Users\VAISHNAVI.M\.vscode\extensions\redhat.java-1.36.0-win32-x64\jre\17.0.13-win32-x86_64\bin\jli.dll
0x00007ff805e80000 - 0x00007ff80602f000 	C:\WINDOWS\System32\USER32.dll
0x00007ff804420000 - 0x00007ff804446000 	C:\WINDOWS\System32\win32u.dll
0x00007ff8030e0000 - 0x00007ff803373000 	C:\WINDOWS\WinSxS\amd64_microsoft.windows.common-controls_6595b64144ccf1df_6.0.22621.3672_none_2713b9d173822955\COMCTL32.dll
0x00007ff805300000 - 0x00007ff805329000 	C:\WINDOWS\System32\GDI32.dll
0x00007ff805500000 - 0x00007ff8055a7000 	C:\WINDOWS\System32\msvcrt.dll
0x00007ff804570000 - 0x00007ff804688000 	C:\WINDOWS\System32\gdi32full.dll
0x00007ff804450000 - 0x00007ff8044ea000 	C:\WINDOWS\System32\msvcp_win.dll
0x00007ff8048e0000 - 0x00007ff804911000 	C:\WINDOWS\System32\IMM32.DLL
0x00007ffffe480000 - 0x00007ffffe48c000 	c:\Users\VAISHNAVI.M\.vscode\extensions\redhat.java-1.36.0-win32-x64\jre\17.0.13-win32-x86_64\bin\vcruntime140_1.dll
0x00007fffbe360000 - 0x00007fffbe3ed000 	c:\Users\VAISHNAVI.M\.vscode\extensions\redhat.java-1.36.0-win32-x64\jre\17.0.13-win32-x86_64\bin\msvcp140.dll
0x00007fff81930000 - 0x00007fff8259b000 	c:\Users\VAISHNAVI.M\.vscode\extensions\redhat.java-1.36.0-win32-x64\jre\17.0.13-win32-x86_64\bin\server\jvm.dll
0x00007ff8068b0000 - 0x00007ff806962000 	C:\WINDOWS\System32\ADVAPI32.dll
0x00007ff805450000 - 0x00007ff8054f8000 	C:\WINDOWS\System32\sechost.dll
0x00007ff8047b0000 - 0x00007ff8047d8000 	C:\WINDOWS\System32\bcrypt.dll
0x00007ff804920000 - 0x00007ff804a34000 	C:\WINDOWS\System32\RPCRT4.dll
0x00007ff804a40000 - 0x00007ff804ab1000 	C:\WINDOWS\System32\WS2_32.dll
0x00007ff803c90000 - 0x00007ff803cdd000 	C:\WINDOWS\SYSTEM32\POWRPROF.dll
0x00007ffff9f60000 - 0x00007ffff9f94000 	C:\WINDOWS\SYSTEM32\WINMM.dll
0x00007ffff4660000 - 0x00007ffff466a000 	C:\WINDOWS\SYSTEM32\VERSION.dll
0x00007ff803bc0000 - 0x00007ff803bd3000 	C:\WINDOWS\SYSTEM32\UMPDC.dll
0x00007ff802720000 - 0x00007ff802738000 	C:\WINDOWS\SYSTEM32\kernel.appcore.dll
0x00007ffffa6c0000 - 0x00007ffffa6ca000 	c:\Users\VAISHNAVI.M\.vscode\extensions\redhat.java-1.36.0-win32-x64\jre\17.0.13-win32-x86_64\bin\jimage.dll
0x00007ff803630000 - 0x00007ff803862000 	C:\WINDOWS\SYSTEM32\DBGHELP.DLL
0x00007ff805af0000 - 0x00007ff805e7e000 	C:\WINDOWS\System32\combase.dll
0x00007ff805800000 - 0x00007ff8058d7000 	C:\WINDOWS\System32\OLEAUT32.dll
0x00007ff803520000 - 0x00007ff803552000 	C:\WINDOWS\SYSTEM32\dbgcore.DLL
0x00007ff8044f0000 - 0x00007ff80456b000 	C:\WINDOWS\System32\bcryptPrimitives.dll
0x00007ffff9070000 - 0x00007ffff907e000 	c:\Users\VAISHNAVI.M\.vscode\extensions\redhat.java-1.36.0-win32-x64\jre\17.0.13-win32-x86_64\bin\instrument.dll
0x00007fffcd400000 - 0x00007fffcd425000 	c:\Users\VAISHNAVI.M\.vscode\extensions\redhat.java-1.36.0-win32-x64\jre\17.0.13-win32-x86_64\bin\java.dll
0x00007fffdc670000 - 0x00007fffdc688000 	c:\Users\VAISHNAVI.M\.vscode\extensions\redhat.java-1.36.0-win32-x64\jre\17.0.13-win32-x86_64\bin\zip.dll
0x00007ff806040000 - 0x00007ff8068a9000 	C:\WINDOWS\System32\SHELL32.dll
0x00007ff8015f0000 - 0x00007ff801eef000 	C:\WINDOWS\SYSTEM32\windows.storage.dll
0x00007ff8014b0000 - 0x00007ff8015ef000 	C:\WINDOWS\SYSTEM32\wintypes.dll
0x00007ff8047e0000 - 0x00007ff8048d9000 	C:\WINDOWS\System32\SHCORE.dll
0x00007ff804d50000 - 0x00007ff804dae000 	C:\WINDOWS\System32\shlwapi.dll
0x00007ff803cf0000 - 0x00007ff803d17000 	C:\WINDOWS\SYSTEM32\profapi.dll
0x00007fffd7ad0000 - 0x00007fffd7ae9000 	C:\Users\VAISHNAVI.M\.vscode\extensions\redhat.java-1.36.0-win32-x64\jre\17.0.13-win32-x86_64\bin\net.dll
0x00007ffffaa70000 - 0x00007ffffaba6000 	C:\WINDOWS\SYSTEM32\WINHTTP.dll
0x00007ff802b40000 - 0x00007ff802ba9000 	C:\WINDOWS\system32\mswsock.dll
0x00007fffd5bb0000 - 0x00007fffd5bc6000 	C:\Users\VAISHNAVI.M\.vscode\extensions\redhat.java-1.36.0-win32-x64\jre\17.0.13-win32-x86_64\bin\nio.dll
0x00007ffff46a0000 - 0x00007ffff46b0000 	c:\Users\VAISHNAVI.M\.vscode\extensions\redhat.java-1.36.0-win32-x64\jre\17.0.13-win32-x86_64\bin\verify.dll
0x00007fffcc160000 - 0x00007fffcc1a5000 	C:\Users\VAISHNAVI.M\AppData\Roaming\Code\User\globalStorage\redhat.java\1.36.0\config_win\org.eclipse.equinox.launcher\org.eclipse.equinox.launcher.win32.win32.x86_64_1.2.1100.v20240722-2106\eclipse_11904.dll
0x00007ff8058e0000 - 0x00007ff805a85000 	C:\WINDOWS\System32\ole32.dll
0x00007ff803970000 - 0x00007ff80398b000 	C:\WINDOWS\SYSTEM32\CRYPTSP.dll
0x00007ff802680000 - 0x00007ff8026b5000 	C:\WINDOWS\system32\rsaenh.dll
0x00007ff802c30000 - 0x00007ff802c58000 	C:\WINDOWS\SYSTEM32\USERENV.dll
0x00007ff802dd0000 - 0x00007ff802ddc000 	C:\WINDOWS\SYSTEM32\CRYPTBASE.dll
0x00007ff8021a0000 - 0x00007ff8021cd000 	C:\WINDOWS\SYSTEM32\IPHLPAPI.DLL
0x00007ff805a90000 - 0x00007ff805a99000 	C:\WINDOWS\System32\NSI.dll
0x00007ffff9df0000 - 0x00007ffff9e09000 	C:\WINDOWS\SYSTEM32\dhcpcsvc6.DLL
0x00007ffff9dd0000 - 0x00007ffff9def000 	C:\WINDOWS\SYSTEM32\dhcpcsvc.DLL
0x00007ff8021d0000 - 0x00007ff8022d2000 	C:\WINDOWS\SYSTEM32\DNSAPI.dll
0x00007fffc9870000 - 0x00007fffc98b9000 	C:\Users\VAISHNAVI.M\AppData\Local\Temp\jna-1788201880\jna1229227696000583224.dll
0x00007ff8053c0000 - 0x00007ff8053c8000 	C:\WINDOWS\System32\PSAPI.DLL

dbghelp: loaded successfully - version: 4.0.5 - missing functions: none
symbol engine: initialized successfully - sym options: 0x614 - pdb path: .;c:\Users\VAISHNAVI.M\.vscode\extensions\redhat.java-1.36.0-win32-x64\jre\17.0.13-win32-x86_64\bin;C:\WINDOWS\SYSTEM32;C:\WINDOWS\WinSxS\amd64_microsoft.windows.common-controls_6595b64144ccf1df_6.0.22621.3672_none_2713b9d173822955;c:\Users\VAISHNAVI.M\.vscode\extensions\redhat.java-1.36.0-win32-x64\jre\17.0.13-win32-x86_64\bin\server;C:\Users\VAISHNAVI.M\AppData\Roaming\Code\User\globalStorage\redhat.java\1.36.0\config_win\org.eclipse.equinox.launcher\org.eclipse.equinox.launcher.win32.win32.x86_64_1.2.1100.v20240722-2106;C:\Users\VAISHNAVI.M\AppData\Local\Temp\jna-1788201880

VM Arguments:
jvm_args: --add-modules=ALL-SYSTEM --add-opens=java.base/java.util=ALL-UNNAMED --add-opens=java.base/java.lang=ALL-UNNAMED --add-opens=java.base/sun.nio.fs=ALL-UNNAMED -Declipse.application=org.eclipse.jdt.ls.core.id1 -Dosgi.bundles.defaultStartLevel=4 -Declipse.product=org.eclipse.jdt.ls.core.product -Djava.import.generatesMetadataFilesAtProjectRoot=false -DDetectVMInstallationsJob.disabled=true -Dfile.encoding=utf8 -XX:+UseParallelGC -XX:GCTimeRatio=4 -XX:AdaptiveSizePolicyWeight=90 -Dsun.zip.disableMemoryMapping=true -Xmx1G -Xms100m -Xlog:disable -javaagent:c:\Users\VAISHNAVI.M\.vscode\extensions\redhat.java-1.36.0-win32-x64\lombok\lombok-1.18.35.jar -XX:+HeapDumpOnOutOfMemoryError -XX:HeapDumpPath=c:\Users\VAISHNAVI.M\AppData\Roaming\Code\User\workspaceStorage\d342843e1f9b2e5887c2bebb3dbdd1ed\redhat.java -Daether.dependencyCollector.impl=bf 
java_command: c:\Users\VAISHNAVI.M\.vscode\extensions\redhat.java-1.36.0-win32-x64\server\plugins\org.eclipse.equinox.launcher_1.6.900.v20240613-2009.jar -configuration c:\Users\VAISHNAVI.M\AppData\Roaming\Code\User\globalStorage\redhat.java\1.36.0\config_win -data c:\Users\VAISHNAVI.M\AppData\Roaming\Code\User\workspaceStorage\d342843e1f9b2e5887c2bebb3dbdd1ed\redhat.java\jdt_ws --pipe=\\.\pipe\lsp-2a35970ba344d124c68399c834ff1823-sock
java_class_path (initial): c:\Users\VAISHNAVI.M\.vscode\extensions\redhat.java-1.36.0-win32-x64\server\plugins\org.eclipse.equinox.launcher_1.6.900.v20240613-2009.jar
Launcher Type: SUN_STANDARD

[Global flags]
    uintx AdaptiveSizePolicyWeight                 = 90                                        {product} {command line}
     intx CICompilerCount                          = 4                                         {product} {ergonomic}
    uintx GCTimeRatio                              = 4                                         {product} {command line}
     bool HeapDumpOnOutOfMemoryError               = true                                   {manageable} {command line}
    ccstr HeapDumpPath                             = c:\Users\VAISHNAVI.M\AppData\Roaming\Code\User\workspaceStorage\d342843e1f9b2e5887c2bebb3dbdd1ed\redhat.java         {manageable} {command line}
   size_t InitialHeapSize                          = 104857600                                 {product} {command line}
   size_t MaxHeapSize                              = 1073741824                                {product} {command line}
   size_t MaxNewSize                               = 357564416                                 {product} {ergonomic}
   size_t MinHeapDeltaBytes                        = 524288                                    {product} {ergonomic}
   size_t MinHeapSize                              = 104857600                                 {product} {command line}
   size_t NewSize                                  = 34603008                                  {product} {ergonomic}
    uintx NonNMethodCodeHeapSize                   = 5839372                                {pd product} {ergonomic}
    uintx NonProfiledCodeHeapSize                  = 122909434                              {pd product} {ergonomic}
   size_t OldSize                                  = 70254592                                  {product} {ergonomic}
    uintx ProfiledCodeHeapSize                     = 122909434                              {pd product} {ergonomic}
    uintx ReservedCodeCacheSize                    = 251658240                              {pd product} {ergonomic}
     bool SegmentedCodeCache                       = true                                      {product} {ergonomic}
   size_t SoftMaxHeapSize                          = 1073741824                             {manageable} {ergonomic}
     bool UseCompressedClassPointers               = true                           {product lp64_product} {ergonomic}
     bool UseCompressedOops                        = true                           {product lp64_product} {ergonomic}
     bool UseLargePagesIndividualAllocation        = false                                  {pd product} {ergonomic}
     bool UseParallelGC                            = true                                      {product} {command line}

Logging:
Log output configuration:
 #0: stdout all=off uptime,level,tags
 #1: stderr all=off uptime,level,tags

Environment Variables:
JAVA_HOME=C:\Program Files\Java\jdk-17
PATH=C:\Program Files\Common Files\Oracle\Java\javapath;C:\ProgramData\Oracle\Java\javapath;C:\WINDOWS\system32;C:\WINDOWS;C:\WINDOWS\System32\Wbem;C:\WINDOWS\System32\WindowsPowerShell\v1.0\;C:\WINDOWS\System32\OpenSSH\;C:\Program Files\Azure Data Studio\bin;D:\NodeJS\;C:\xampp\php;C:\Program Files\Git\cmd;F:\ngrok;;C:\Program Files\Docker\Docker\resources\bin;C:\Users\VAISHNAVI.M\AppData\Local\Programs\Python\Launcher\;C:\Users\VAISHNAVI.M\AppData\Local\Microsoft\WindowsApps;C:\Users\VAISHNAVI.M\AppData\Local\Programs\Microsoft VS Code\bin;C:\Program Files\Azure Data Studio\bin;C:\Users\VAISHNAVI.M\AppData\Roaming\npm;C:\Users\VAISHNAVI.M\AppData\Local\GitHubDesktop\bin;C:\Program Files\Java\jdk-17\bin;
USERNAME=VAISHNAVI.M
OS=Windows_NT
PROCESSOR_IDENTIFIER=Intel64 Family 6 Model 186 Stepping 3, GenuineIntel
TMP=C:\Users\VAISHN~1.M\AppData\Local\Temp
TEMP=C:\Users\VAISHN~1.M\AppData\Local\Temp



Periodic native trim disabled


---------------  S Y S T E M  ---------------

OS:
 Windows 11 , 64 bit Build 22621 (10.0.22621.3958)
OS uptime: 24 days 16:16 hours
Hyper-V role detected

CPU: total 12 (initial active 12) (6 cores per cpu, 2 threads per core) family 6 model 186 stepping 3 microcode 0x4121, cx8, cmov, fxsr, ht, mmx, 3dnowpref, sse, sse2, sse3, ssse3, sse4.1, sse4.2, popcnt, lzcnt, tsc, tscinvbit, avx, avx2, aes, erms, clmul, bmi1, bmi2, adx, sha, fma, vzeroupper, clflush, clflushopt, clwb, hv
Processor Information for processor 0
  Max Mhz: 1300, Current Mhz: 1300, Mhz Limit: 1300
Processor Information for processor 1
  Max Mhz: 1300, Current Mhz: 1300, Mhz Limit: 1300
Processor Information for processor 2
  Max Mhz: 1300, Current Mhz: 1300, Mhz Limit: 1300
Processor Information for processor 3
  Max Mhz: 1300, Current Mhz: 1300, Mhz Limit: 1300
Processor Information for processor 4
  Max Mhz: 1300, Current Mhz: 900, Mhz Limit: 897
Processor Information for processor 5
  Max Mhz: 1300, Current Mhz: 900, Mhz Limit: 897
Processor Information for processor 6
  Max Mhz: 1300, Current Mhz: 900, Mhz Limit: 897
Processor Information for processor 7
  Max Mhz: 1300, Current Mhz: 900, Mhz Limit: 897
Processor Information for processor 8
  Max Mhz: 1300, Current Mhz: 900, Mhz Limit: 897
Processor Information for processor 9
  Max Mhz: 1300, Current Mhz: 900, Mhz Limit: 897
Processor Information for processor 10
  Max Mhz: 1300, Current Mhz: 900, Mhz Limit: 897
Processor Information for processor 11
  Max Mhz: 1300, Current Mhz: 900, Mhz Limit: 897

Memory: 4k page, system-wide physical 7835M (250M free)
TotalPageFile size 25492M (AvailPageFile size 6M)
current process WorkingSet (physical memory assigned to process): 297M, peak: 561M
current process commit charge ("private bytes"): 617M, peak: 627M

vm_info: OpenJDK 64-Bit Server VM (17.0.13+11) for windows-amd64 JRE (17.0.13+11), built on Oct 16 2024 00:10:08 by "admin" with MS VC++ 17.7 (VS2022)

END.
